mode: atomic
github.com/Dharitri-org/drtg-vm-common/atomic/counter.go:11.42,13.2 1 4
github.com/Dharitri-org/drtg-vm-common/atomic/counter.go:16.43,18.2 1 10000
github.com/Dharitri-org/drtg-vm-common/atomic/counter.go:21.48,23.2 1 10
github.com/Dharitri-org/drtg-vm-common/atomic/counter.go:26.43,28.2 1 5000
github.com/Dharitri-org/drtg-vm-common/atomic/counter.go:31.53,33.2 1 10
github.com/Dharitri-org/drtg-vm-common/atomic/counter.go:36.37,38.2 1 7
github.com/Dharitri-org/drtg-vm-common/atomic/counter.go:41.39,43.2 1 1
github.com/Dharitri-org/drtg-vm-common/atomic/counter.go:46.44,48.15 2 3
github.com/Dharitri-org/drtg-vm-common/atomic/counter.go:48.15,50.3 1 1
github.com/Dharitri-org/drtg-vm-common/atomic/counter.go:51.2,51.22 1 2
github.com/Dharitri-org/drtg-vm-common/atomic/flag.go:11.30,14.2 2 5
github.com/Dharitri-org/drtg-vm-common/atomic/flag.go:17.27,19.2 1 4
github.com/Dharitri-org/drtg-vm-common/atomic/flag.go:22.32,25.2 2 6
github.com/Dharitri-org/drtg-vm-common/atomic/flag.go:28.36,29.9 1 4
github.com/Dharitri-org/drtg-vm-common/atomic/flag.go:29.9,31.3 1 2
github.com/Dharitri-org/drtg-vm-common/atomic/flag.go:31.8,33.3 1 2
github.com/Dharitri-org/drtg-vm-common/atomic/int64.go:11.41,13.2 1 2
github.com/Dharitri-org/drtg-vm-common/atomic/int64.go:16.36,18.2 1 2
github.com/Dharitri-org/drtg-vm-common/atomic/string.go:11.43,13.2 1 2
github.com/Dharitri-org/drtg-vm-common/atomic/string.go:16.38,18.18 2 3
github.com/Dharitri-org/drtg-vm-common/atomic/string.go:18.18,20.3 1 2
github.com/Dharitri-org/drtg-vm-common/atomic/string.go:22.2,22.23 1 1
github.com/Dharitri-org/drtg-vm-common/atomic/uint32.go:11.43,13.2 1 2
github.com/Dharitri-org/drtg-vm-common/atomic/uint32.go:16.38,18.2 1 2
github.com/Dharitri-org/drtg-vm-common/atomic/uint64.go:11.43,13.2 1 2
github.com/Dharitri-org/drtg-vm-common/atomic/uint64.go:16.38,18.2 1 2
github.com/Dharitri-org/drtg-vm-common/address.go:28.50,29.61 1 0
github.com/Dharitri-org/drtg-vm-common/address.go:29.61,31.3 1 0
github.com/Dharitri-org/drtg-vm-common/address.go:32.2,32.137 1 0
github.com/Dharitri-org/drtg-vm-common/address.go:36.53,37.54 1 7
github.com/Dharitri-org/drtg-vm-common/address.go:37.54,39.3 1 1
github.com/Dharitri-org/drtg-vm-common/address.go:41.2,41.32 1 6
github.com/Dharitri-org/drtg-vm-common/address.go:41.32,43.3 1 1
github.com/Dharitri-org/drtg-vm-common/address.go:45.2,47.20 3 5
github.com/Dharitri-org/drtg-vm-common/address.go:51.42,54.2 2 6
github.com/Dharitri-org/drtg-vm-common/address.go:57.52,58.26 1 7
github.com/Dharitri-org/drtg-vm-common/address.go:58.26,60.3 1 1
github.com/Dharitri-org/drtg-vm-common/address.go:62.2,62.39 1 6
github.com/Dharitri-org/drtg-vm-common/address.go:62.39,63.48 1 6
github.com/Dharitri-org/drtg-vm-common/address.go:63.48,65.4 1 2
github.com/Dharitri-org/drtg-vm-common/address.go:68.2,68.13 1 4
github.com/Dharitri-org/drtg-vm-common/address.go:72.76,73.88 1 5
github.com/Dharitri-org/drtg-vm-common/address.go:73.88,75.3 1 1
github.com/Dharitri-org/drtg-vm-common/address.go:77.2,77.40 1 4
github.com/Dharitri-org/drtg-vm-common/address.go:77.40,79.3 1 1
github.com/Dharitri-org/drtg-vm-common/address.go:81.2,81.41 1 3
github.com/Dharitri-org/drtg-vm-common/address.go:81.41,83.3 1 1
github.com/Dharitri-org/drtg-vm-common/address.go:85.2,88.31 3 2
github.com/Dharitri-org/drtg-vm-common/address.go:92.47,94.26 2 0
github.com/Dharitri-org/drtg-vm-common/address.go:94.26,96.3 1 0
github.com/Dharitri-org/drtg-vm-common/address.go:98.2,99.74 2 0
github.com/Dharitri-org/drtg-vm-common/codeMetadata.go:22.55,23.40 1 8
github.com/Dharitri-org/drtg-vm-common/codeMetadata.go:23.40,25.3 1 0
github.com/Dharitri-org/drtg-vm-common/codeMetadata.go:27.2,31.3 1 8
github.com/Dharitri-org/drtg-vm-common/codeMetadata.go:35.48,38.26 2 5
github.com/Dharitri-org/drtg-vm-common/codeMetadata.go:38.26,40.3 1 1
github.com/Dharitri-org/drtg-vm-common/codeMetadata.go:41.2,41.23 1 5
github.com/Dharitri-org/drtg-vm-common/codeMetadata.go:41.23,43.3 1 1
github.com/Dharitri-org/drtg-vm-common/codeMetadata.go:44.2,44.22 1 5
github.com/Dharitri-org/drtg-vm-common/codeMetadata.go:44.22,46.3 1 1
github.com/Dharitri-org/drtg-vm-common/codeMetadata.go:48.2,48.14 1 5
github.com/Dharitri-org/drtg-vm-common/gasCost.go:40.49,41.11 1 0
github.com/Dharitri-org/drtg-vm-common/gasCost.go:41.11,43.3 1 0
github.com/Dharitri-org/drtg-vm-common/gasCost.go:44.2,44.19 1 0
github.com/Dharitri-org/drtg-vm-common/output.go:153.93,154.35 1 6
github.com/Dharitri-org/drtg-vm-common/output.go:154.35,156.3 1 1
github.com/Dharitri-org/drtg-vm-common/output.go:158.2,160.16 2 5
github.com/Dharitri-org/drtg-vm-common/output.go:161.19,162.49 1 1
github.com/Dharitri-org/drtg-vm-common/output.go:163.25,164.58 1 1
github.com/Dharitri-org/drtg-vm-common/output.go:165.19,166.33 1 1
github.com/Dharitri-org/drtg-vm-common/output.go:167.16,168.45 1 1
github.com/Dharitri-org/drtg-vm-common/output.go:171.2,171.55 1 1
github.com/Dharitri-org/drtg-vm-common/output.go:175.68,176.30 1 1
github.com/Dharitri-org/drtg-vm-common/output.go:176.30,178.3 1 1
github.com/Dharitri-org/drtg-vm-common/output.go:180.2,182.27 2 1
github.com/Dharitri-org/drtg-vm-common/output.go:182.27,184.3 1 1
github.com/Dharitri-org/drtg-vm-common/output.go:185.2,185.27 1 1
github.com/Dharitri-org/drtg-vm-common/output.go:185.27,187.3 1 0
github.com/Dharitri-org/drtg-vm-common/output.go:188.2,188.32 1 1
github.com/Dharitri-org/drtg-vm-common/output.go:188.32,190.3 1 1
github.com/Dharitri-org/drtg-vm-common/output.go:191.2,191.26 1 1
github.com/Dharitri-org/drtg-vm-common/output.go:191.26,193.3 1 1
github.com/Dharitri-org/drtg-vm-common/output.go:194.2,194.34 1 1
github.com/Dharitri-org/drtg-vm-common/output.go:194.34,196.3 1 0
github.com/Dharitri-org/drtg-vm-common/output.go:197.2,197.28 1 1
github.com/Dharitri-org/drtg-vm-common/output.go:197.28,199.3 1 1
github.com/Dharitri-org/drtg-vm-common/output.go:201.2,203.48 3 1
github.com/Dharitri-org/drtg-vm-common/output.go:203.48,205.3 1 1
github.com/Dharitri-org/drtg-vm-common/output.go:207.2,209.39 2 1
github.com/Dharitri-org/drtg-vm-common/output.go:209.39,211.3 1 0
github.com/Dharitri-org/drtg-vm-common/output.go:215.68,216.29 1 1
github.com/Dharitri-org/drtg-vm-common/output.go:216.29,218.3 1 1
github.com/Dharitri-org/drtg-vm-common/output.go:219.2,219.49 1 1
github.com/Dharitri-org/drtg-vm-common/output.go:219.49,221.3 1 1
github.com/Dharitri-org/drtg-vm-common/returnCodes.go:8.38,9.12 1 0
github.com/Dharitri-org/drtg-vm-common/returnCodes.go:10.10,11.14 1 0
github.com/Dharitri-org/drtg-vm-common/returnCodes.go:12.24,13.30 1 0
github.com/Dharitri-org/drtg-vm-common/returnCodes.go:14.30,15.40 1 0
github.com/Dharitri-org/drtg-vm-common/returnCodes.go:16.24,17.30 1 0
github.com/Dharitri-org/drtg-vm-common/returnCodes.go:18.17,19.22 1 0
github.com/Dharitri-org/drtg-vm-common/returnCodes.go:20.16,21.22 1 0
github.com/Dharitri-org/drtg-vm-common/returnCodes.go:22.24,23.29 1 0
github.com/Dharitri-org/drtg-vm-common/returnCodes.go:24.18,25.24 1 0
github.com/Dharitri-org/drtg-vm-common/returnCodes.go:26.25,27.31 1 0
github.com/Dharitri-org/drtg-vm-common/returnCodes.go:28.23,29.28 1 0
github.com/Dharitri-org/drtg-vm-common/returnCodes.go:30.23,31.28 1 0
github.com/Dharitri-org/drtg-vm-common/returnCodes.go:32.10,33.52 1 0
github.com/Dharitri-org/drtg-vm-common/parsers/callArgsParser.go:7.42,9.2 1 2
github.com/Dharitri-org/drtg-vm-common/parsers/callArgsParser.go:13.80,18.16 4 5
github.com/Dharitri-org/drtg-vm-common/parsers/callArgsParser.go:18.16,20.3 1 2
github.com/Dharitri-org/drtg-vm-common/parsers/callArgsParser.go:22.2,23.16 2 3
github.com/Dharitri-org/drtg-vm-common/parsers/callArgsParser.go:23.16,25.3 1 0
github.com/Dharitri-org/drtg-vm-common/parsers/callArgsParser.go:27.2,28.16 2 3
github.com/Dharitri-org/drtg-vm-common/parsers/callArgsParser.go:28.16,30.3 1 1
github.com/Dharitri-org/drtg-vm-common/parsers/callArgsParser.go:32.2,32.33 1 2
github.com/Dharitri-org/drtg-vm-common/parsers/callArgsParser.go:35.78,36.39 1 3
github.com/Dharitri-org/drtg-vm-common/parsers/callArgsParser.go:36.39,38.3 1 0
github.com/Dharitri-org/drtg-vm-common/parsers/callArgsParser.go:40.2,41.22 2 3
github.com/Dharitri-org/drtg-vm-common/parsers/callArgsParser.go:44.81,47.53 2 3
github.com/Dharitri-org/drtg-vm-common/parsers/callArgsParser.go:47.53,49.17 2 3
github.com/Dharitri-org/drtg-vm-common/parsers/callArgsParser.go:49.17,51.4 1 1
github.com/Dharitri-org/drtg-vm-common/parsers/callArgsParser.go:53.3,53.42 1 2
github.com/Dharitri-org/drtg-vm-common/parsers/callArgsParser.go:56.2,56.23 1 2
github.com/Dharitri-org/drtg-vm-common/parsers/callArgsParser.go:60.53,62.2 1 0
github.com/Dharitri-org/drtg-vm-common/parsers/dctTransferParser.go:32.31,33.30 1 7
github.com/Dharitri-org/drtg-vm-common/parsers/dctTransferParser.go:33.30,35.3 1 1
github.com/Dharitri-org/drtg-vm-common/parsers/dctTransferParser.go:37.2,37.58 1 6
github.com/Dharitri-org/drtg-vm-common/parsers/dctTransferParser.go:46.41,47.18 1 18
github.com/Dharitri-org/drtg-vm-common/parsers/dctTransferParser.go:48.39,49.49 1 3
github.com/Dharitri-org/drtg-vm-common/parsers/dctTransferParser.go:50.42,51.61 1 4
github.com/Dharitri-org/drtg-vm-common/parsers/dctTransferParser.go:52.47,53.60 1 10
github.com/Dharitri-org/drtg-vm-common/parsers/dctTransferParser.go:54.10,55.37 1 1
github.com/Dharitri-org/drtg-vm-common/parsers/dctTransferParser.go:59.121,60.39 1 3
github.com/Dharitri-org/drtg-vm-common/parsers/dctTransferParser.go:60.39,62.3 1 1
github.com/Dharitri-org/drtg-vm-common/parsers/dctTransferParser.go:63.2,69.39 2 2
github.com/Dharitri-org/drtg-vm-common/parsers/dctTransferParser.go:69.39,71.3 1 1
github.com/Dharitri-org/drtg-vm-common/parsers/dctTransferParser.go:72.2,72.41 1 2
github.com/Dharitri-org/drtg-vm-common/parsers/dctTransferParser.go:72.41,74.3 1 1
github.com/Dharitri-org/drtg-vm-common/parsers/dctTransferParser.go:75.2,82.26 2 2
github.com/Dharitri-org/drtg-vm-common/parsers/dctTransferParser.go:85.133,86.42 1 4
github.com/Dharitri-org/drtg-vm-common/parsers/dctTransferParser.go:86.42,88.3 1 1
github.com/Dharitri-org/drtg-vm-common/parsers/dctTransferParser.go:89.2,96.35 2 3
github.com/Dharitri-org/drtg-vm-common/parsers/dctTransferParser.go:96.35,98.3 1 2
github.com/Dharitri-org/drtg-vm-common/parsers/dctTransferParser.go:99.2,99.42 1 3
github.com/Dharitri-org/drtg-vm-common/parsers/dctTransferParser.go:99.42,101.3 1 2
github.com/Dharitri-org/drtg-vm-common/parsers/dctTransferParser.go:102.2,102.44 1 3
github.com/Dharitri-org/drtg-vm-common/parsers/dctTransferParser.go:102.44,104.3 1 2
github.com/Dharitri-org/drtg-vm-common/parsers/dctTransferParser.go:105.2,112.26 2 3
github.com/Dharitri-org/drtg-vm-common/parsers/dctTransferParser.go:115.132,116.47 1 10
github.com/Dharitri-org/drtg-vm-common/parsers/dctTransferParser.go:116.47,118.3 1 1
github.com/Dharitri-org/drtg-vm-common/parsers/dctTransferParser.go:119.2,128.35 5 9
github.com/Dharitri-org/drtg-vm-common/parsers/dctTransferParser.go:128.35,133.3 4 6
github.com/Dharitri-org/drtg-vm-common/parsers/dctTransferParser.go:135.2,136.36 2 9
github.com/Dharitri-org/drtg-vm-common/parsers/dctTransferParser.go:136.36,138.3 1 2
github.com/Dharitri-org/drtg-vm-common/parsers/dctTransferParser.go:140.2,140.36 1 7
github.com/Dharitri-org/drtg-vm-common/parsers/dctTransferParser.go:140.36,142.3 1 4
github.com/Dharitri-org/drtg-vm-common/parsers/dctTransferParser.go:143.2,143.38 1 7
github.com/Dharitri-org/drtg-vm-common/parsers/dctTransferParser.go:143.38,145.3 1 4
github.com/Dharitri-org/drtg-vm-common/parsers/dctTransferParser.go:147.2,149.54 3 7
github.com/Dharitri-org/drtg-vm-common/parsers/dctTransferParser.go:149.54,152.17 3 11
github.com/Dharitri-org/drtg-vm-common/parsers/dctTransferParser.go:152.17,154.4 1 0
github.com/Dharitri-org/drtg-vm-common/parsers/dctTransferParser.go:157.2,157.26 1 7
github.com/Dharitri-org/drtg-vm-common/parsers/dctTransferParser.go:164.34,171.35 2 11
github.com/Dharitri-org/drtg-vm-common/parsers/dctTransferParser.go:171.35,173.20 2 7
github.com/Dharitri-org/drtg-vm-common/parsers/dctTransferParser.go:173.20,176.18 3 3
github.com/Dharitri-org/drtg-vm-common/parsers/dctTransferParser.go:176.18,178.5 1 0
github.com/Dharitri-org/drtg-vm-common/parsers/dctTransferParser.go:179.4,179.51 1 3
github.com/Dharitri-org/drtg-vm-common/parsers/dctTransferParser.go:183.2,183.25 1 11
github.com/Dharitri-org/drtg-vm-common/parsers/dctTransferParser.go:187.51,189.2 1 1
github.com/Dharitri-org/drtg-vm-common/parsers/deployArgsParser.go:19.46,21.2 1 2
github.com/Dharitri-org/drtg-vm-common/parsers/deployArgsParser.go:25.77,29.16 3 10
github.com/Dharitri-org/drtg-vm-common/parsers/deployArgsParser.go:29.16,31.3 1 2
github.com/Dharitri-org/drtg-vm-common/parsers/deployArgsParser.go:33.2,33.41 1 8
github.com/Dharitri-org/drtg-vm-common/parsers/deployArgsParser.go:33.41,35.3 1 1
github.com/Dharitri-org/drtg-vm-common/parsers/deployArgsParser.go:37.2,38.16 2 7
github.com/Dharitri-org/drtg-vm-common/parsers/deployArgsParser.go:38.16,40.3 1 1
github.com/Dharitri-org/drtg-vm-common/parsers/deployArgsParser.go:42.2,43.16 2 6
github.com/Dharitri-org/drtg-vm-common/parsers/deployArgsParser.go:43.16,45.3 1 2
github.com/Dharitri-org/drtg-vm-common/parsers/deployArgsParser.go:47.2,48.16 2 4
github.com/Dharitri-org/drtg-vm-common/parsers/deployArgsParser.go:48.16,50.3 1 1
github.com/Dharitri-org/drtg-vm-common/parsers/deployArgsParser.go:52.2,53.16 2 3
github.com/Dharitri-org/drtg-vm-common/parsers/deployArgsParser.go:53.16,55.3 1 1
github.com/Dharitri-org/drtg-vm-common/parsers/deployArgsParser.go:57.2,57.20 1 2
github.com/Dharitri-org/drtg-vm-common/parsers/deployArgsParser.go:60.76,63.16 3 7
github.com/Dharitri-org/drtg-vm-common/parsers/deployArgsParser.go:63.16,65.3 1 1
github.com/Dharitri-org/drtg-vm-common/parsers/deployArgsParser.go:67.2,67.18 1 6
github.com/Dharitri-org/drtg-vm-common/parsers/deployArgsParser.go:70.78,72.25 2 6
github.com/Dharitri-org/drtg-vm-common/parsers/deployArgsParser.go:72.25,74.3 1 1
github.com/Dharitri-org/drtg-vm-common/parsers/deployArgsParser.go:76.2,77.16 2 5
github.com/Dharitri-org/drtg-vm-common/parsers/deployArgsParser.go:77.16,79.3 1 1
github.com/Dharitri-org/drtg-vm-common/parsers/deployArgsParser.go:81.2,81.20 1 4
github.com/Dharitri-org/drtg-vm-common/parsers/deployArgsParser.go:84.99,87.16 3 4
github.com/Dharitri-org/drtg-vm-common/parsers/deployArgsParser.go:87.16,89.3 1 1
github.com/Dharitri-org/drtg-vm-common/parsers/deployArgsParser.go:91.2,92.26 2 3
github.com/Dharitri-org/drtg-vm-common/parsers/deployArgsParser.go:95.83,98.66 2 3
github.com/Dharitri-org/drtg-vm-common/parsers/deployArgsParser.go:98.66,100.17 2 3
github.com/Dharitri-org/drtg-vm-common/parsers/deployArgsParser.go:100.17,102.4 1 1
github.com/Dharitri-org/drtg-vm-common/parsers/deployArgsParser.go:104.3,104.42 1 2
github.com/Dharitri-org/drtg-vm-common/parsers/deployArgsParser.go:107.2,107.23 1 2
github.com/Dharitri-org/drtg-vm-common/parsers/deployArgsParser.go:111.55,113.2 1 0
github.com/Dharitri-org/drtg-vm-common/parsers/storageUpdatesParser.go:13.54,15.2 1 4
github.com/Dharitri-org/drtg-vm-common/parsers/storageUpdatesParser.go:18.103,22.16 3 3
github.com/Dharitri-org/drtg-vm-common/parsers/storageUpdatesParser.go:22.16,24.3 1 1
github.com/Dharitri-org/drtg-vm-common/parsers/storageUpdatesParser.go:25.2,26.16 2 2
github.com/Dharitri-org/drtg-vm-common/parsers/storageUpdatesParser.go:26.16,28.3 1 1
github.com/Dharitri-org/drtg-vm-common/parsers/storageUpdatesParser.go:30.2,31.38 2 1
github.com/Dharitri-org/drtg-vm-common/parsers/storageUpdatesParser.go:31.38,33.17 2 3
github.com/Dharitri-org/drtg-vm-common/parsers/storageUpdatesParser.go:33.17,35.4 1 0
github.com/Dharitri-org/drtg-vm-common/parsers/storageUpdatesParser.go:37.3,38.17 2 3
github.com/Dharitri-org/drtg-vm-common/parsers/storageUpdatesParser.go:38.17,40.4 1 0
github.com/Dharitri-org/drtg-vm-common/parsers/storageUpdatesParser.go:42.3,43.57 2 3
github.com/Dharitri-org/drtg-vm-common/parsers/storageUpdatesParser.go:46.2,46.28 1 1
github.com/Dharitri-org/drtg-vm-common/parsers/storageUpdatesParser.go:50.114,52.43 2 2
github.com/Dharitri-org/drtg-vm-common/parsers/storageUpdatesParser.go:52.43,58.32 5 3
github.com/Dharitri-org/drtg-vm-common/parsers/storageUpdatesParser.go:58.32,60.4 1 2
github.com/Dharitri-org/drtg-vm-common/parsers/storageUpdatesParser.go:62.2,62.13 1 2
github.com/Dharitri-org/drtg-vm-common/parsers/storageUpdatesParser.go:66.59,68.2 1 0
github.com/Dharitri-org/drtg-vm-common/parsers/tokenize.go:8.46,11.45 2 18
github.com/Dharitri-org/drtg-vm-common/parsers/tokenize.go:11.45,13.3 1 5
github.com/Dharitri-org/drtg-vm-common/parsers/tokenize.go:15.2,15.20 1 13
github.com/Dharitri-org/drtg-vm-common/parsers/tokenize.go:18.48,20.16 2 28
github.com/Dharitri-org/drtg-vm-common/parsers/tokenize.go:20.16,22.3 1 5
github.com/Dharitri-org/drtg-vm-common/parsers/tokenize.go:24.2,24.21 1 23
github.com/Dharitri-org/drtg-vm-common/parsers/tokenize.go:27.51,28.49 1 3
github.com/Dharitri-org/drtg-vm-common/parsers/tokenize.go:28.49,30.3 1 0
github.com/Dharitri-org/drtg-vm-common/parsers/tokenize.go:32.2,32.13 1 3
github.com/Dharitri-org/drtg-vm-common/parsers/tokenize.go:35.52,36.24 1 2
github.com/Dharitri-org/drtg-vm-common/parsers/tokenize.go:36.24,38.3 1 1
github.com/Dharitri-org/drtg-vm-common/parsers/tokenize.go:40.2,40.29 1 1
github.com/Dharitri-org/drtg-vm-common/container/mutexMap.go:12.30,16.2 1 13
github.com/Dharitri-org/drtg-vm-common/container/mutexMap.go:19.62,25.2 4 107
github.com/Dharitri-org/drtg-vm-common/container/mutexMap.go:29.67,33.9 3 102
github.com/Dharitri-org/drtg-vm-common/container/mutexMap.go:33.9,35.3 1 101
github.com/Dharitri-org/drtg-vm-common/container/mutexMap.go:37.2,39.12 2 102
github.com/Dharitri-org/drtg-vm-common/container/mutexMap.go:43.59,47.2 3 215
github.com/Dharitri-org/drtg-vm-common/container/mutexMap.go:50.45,54.2 3 102
github.com/Dharitri-org/drtg-vm-common/container/mutexMap.go:57.31,62.2 3 4
github.com/Dharitri-org/drtg-vm-common/container/mutexMap.go:65.42,68.27 3 102
github.com/Dharitri-org/drtg-vm-common/container/mutexMap.go:68.27,70.3 1 303
github.com/Dharitri-org/drtg-vm-common/container/mutexMap.go:71.2,73.13 2 102
github.com/Dharitri-org/drtg-vm-common/container/mutexMap.go:77.44,80.34 3 103
github.com/Dharitri-org/drtg-vm-common/container/mutexMap.go:80.34,82.3 1 5157
github.com/Dharitri-org/drtg-vm-common/container/mutexMap.go:83.2,85.15 2 103
github.com/Dharitri-org/drtg-vm-common/builtInFunctions/baseEnabled.go:14.43,16.2 1 1
github.com/Dharitri-org/drtg-vm-common/builtInFunctions/baseEnabled.go:19.49,21.2 1 0
github.com/Dharitri-org/drtg-vm-common/builtInFunctions/baseEnabled.go:30.39,32.2 1 2
github.com/Dharitri-org/drtg-vm-common/builtInFunctions/baseEnabled.go:35.62,38.2 2 45
github.com/Dharitri-org/drtg-vm-common/builtInFunctions/baseEnabled.go:41.45,43.2 1 0
github.com/Dharitri-org/drtg-vm-common/builtInFunctions/baseEnabled.go:52.40,54.2 1 0
github.com/Dharitri-org/drtg-vm-common/builtInFunctions/baseEnabled.go:57.63,60.2 2 2
github.com/Dharitri-org/drtg-vm-common/builtInFunctions/baseEnabled.go:63.46,65.2 1 0
github.com/Dharitri-org/drtg-vm-common/builtInFunctions/changeOwnerAddress.go:19.68,21.2 1 2
github.com/Dharitri-org/drtg-vm-common/builtInFunctions/changeOwnerAddress.go:24.73,25.20 1 1
github.com/Dharitri-org/drtg-vm-common/builtInFunctions/changeOwnerAddress.go:25.20,27.3 1 0
github.com/Dharitri-org/drtg-vm-common/builtInFunctions/changeOwnerAddress.go:29.2,31.25 3 1
github.com/Dharitri-org/drtg-vm-common/builtInFunctions/changeOwnerAddress.go:38.31,42.20 3 5
github.com/Dharitri-org/drtg-vm-common/builtInFunctions/changeOwnerAddress.go:42.20,44.3 1 1
github.com/Dharitri-org/drtg-vm-common/builtInFunctions/changeOwnerAddress.go:45.2,45.33 1 4
github.com/Dharitri-org/drtg-vm-common/builtInFunctions/changeOwnerAddress.go:45.33,47.3 1 1
github.com/Dharitri-org/drtg-vm-common/builtInFunctions/changeOwnerAddress.go:48.2,48.38 1 3
github.com/Dharitri-org/drtg-vm-common/builtInFunctions/changeOwnerAddress.go:48.38,50.3 1 0
github.com/Dharitri-org/drtg-vm-common/builtInFunctions/changeOwnerAddress.go:51.2,51.58 1 3
github.com/Dharitri-org/drtg-vm-common/builtInFunctions/changeOwnerAddress.go:51.58,53.3 1 0
github.com/Dharitri-org/drtg-vm-common/builtInFunctions/changeOwnerAddress.go:54.2,54.37 1 3
github.com/Dharitri-org/drtg-vm-common/builtInFunctions/changeOwnerAddress.go:54.37,56.3 1 0
github.com/Dharitri-org/drtg-vm-common/builtInFunctions/changeOwnerAddress.go:57.2,58.26 2 3
github.com/Dharitri-org/drtg-vm-common/builtInFunctions/changeOwnerAddress.go:58.26,61.3 1 1
github.com/Dharitri-org/drtg-vm-common/builtInFunctions/changeOwnerAddress.go:63.2,63.65 1 2
github.com/Dharitri-org/drtg-vm-common/builtInFunctions/changeOwnerAddress.go:63.65,65.3 1 0
github.com/Dharitri-org/drtg-vm-common/builtInFunctions/changeOwnerAddress.go:67.2,68.16 2 2
github.com/Dharitri-org/drtg-vm-common/builtInFunctions/changeOwnerAddress.go:68.16,70.3 1 0
github.com/Dharitri-org/drtg-vm-common/builtInFunctions/changeOwnerAddress.go:72.2,72.85 1 2
github.com/Dharitri-org/drtg-vm-common/builtInFunctions/changeOwnerAddress.go:75.103,76.28 1 28
github.com/Dharitri-org/drtg-vm-common/builtInFunctions/changeOwnerAddress.go:76.28,78.3 1 1
github.com/Dharitri-org/drtg-vm-common/builtInFunctions/changeOwnerAddress.go:81.2,81.22 1 27
github.com/Dharitri-org/drtg-vm-common/builtInFunctions/changeOwnerAddress.go:81.22,83.3 1 9
github.com/Dharitri-org/drtg-vm-common/builtInFunctions/changeOwnerAddress.go:85.2,85.31 1 18
github.com/Dharitri-org/drtg-vm-common/builtInFunctions/changeOwnerAddress.go:89.52,91.2 1 1
github.com/Dharitri-org/drtg-vm-common/builtInFunctions/claimDeveloperRewards.go:20.74,22.2 1 0
github.com/Dharitri-org/drtg-vm-common/builtInFunctions/claimDeveloperRewards.go:25.76,26.20 1 0
github.com/Dharitri-org/drtg-vm-common/builtInFunctions/claimDeveloperRewards.go:26.20,28.3 1 0
github.com/Dharitri-org/drtg-vm-common/builtInFunctions/claimDeveloperRewards.go:30.2,32.25 3 0
github.com/Dharitri-org/drtg-vm-common/builtInFunctions/claimDeveloperRewards.go:39.31,43.20 3 5
github.com/Dharitri-org/drtg-vm-common/builtInFunctions/claimDeveloperRewards.go:43.20,45.3 1 1
github.com/Dharitri-org/drtg-vm-common/builtInFunctions/claimDeveloperRewards.go:46.2,46.38 1 4
github.com/Dharitri-org/drtg-vm-common/builtInFunctions/claimDeveloperRewards.go:46.38,48.3 1 0
github.com/Dharitri-org/drtg-vm-common/builtInFunctions/claimDeveloperRewards.go:49.2,50.26 2 4
github.com/Dharitri-org/drtg-vm-common/builtInFunctions/claimDeveloperRewards.go:50.26,53.3 1 1
github.com/Dharitri-org/drtg-vm-common/builtInFunctions/claimDeveloperRewards.go:55.2,55.65 1 3
github.com/Dharitri-org/drtg-vm-common/builtInFunctions/claimDeveloperRewards.go:55.65,57.3 1 1
github.com/Dharitri-org/drtg-vm-common/builtInFunctions/claimDeveloperRewards.go:58.2,58.37 1 2
github.com/Dharitri-org/drtg-vm-common/builtInFunctions/claimDeveloperRewards.go:58.37,60.3 1 0
github.com/Dharitri-org/drtg-vm-common/builtInFunctions/claimDeveloperRewards.go:62.2,63.16 2 2
github.com/Dharitri-org/drtg-vm-common/builtInFunctions/claimDeveloperRewards.go:63.16,65.3 1 0
github.com/Dharitri-org/drtg-vm-common/builtInFunctions/claimDeveloperRewards.go:67.2,75.45 3 2
github.com/Dharitri-org/drtg-vm-common/builtInFunctions/claimDeveloperRewards.go:75.45,80.3 4 0
github.com/Dharitri-org/drtg-vm-common/builtInFunctions/claimDeveloperRewards.go:81.2,90.26 4 2
github.com/Dharitri-org/drtg-vm-common/builtInFunctions/claimDeveloperRewards.go:90.26,92.3 1 1
github.com/Dharitri-org/drtg-vm-common/builtInFunctions/claimDeveloperRewards.go:94.2,95.16 2 1
github.com/Dharitri-org/drtg-vm-common/builtInFunctions/claimDeveloperRewards.go:95.16,97.3 1 0
github.com/Dharitri-org/drtg-vm-common/builtInFunctions/claimDeveloperRewards.go:99.2,99.57 1 1
github.com/Dharitri-org/drtg-vm-common/builtInFunctions/claimDeveloperRewards.go:99.57,101.3 1 0
github.com/Dharitri-org/drtg-vm-common/builtInFunctions/claimDeveloperRewards.go:103.2,103.22 1 1
github.com/Dharitri-org/drtg-vm-common/builtInFunctions/claimDeveloperRewards.go:107.55,109.2 1 0
github.com/Dharitri-org/drtg-vm-common/builtInFunctions/container.go:19.55,23.2 1 10
github.com/Dharitri-org/drtg-vm-common/builtInFunctions/container.go:27.79,29.9 2 5
github.com/Dharitri-org/drtg-vm-common/builtInFunctions/container.go:29.9,31.3 1 2
github.com/Dharitri-org/drtg-vm-common/builtInFunctions/container.go:33.2,34.9 2 3
github.com/Dharitri-org/drtg-vm-common/builtInFunctions/container.go:34.9,36.3 1 0
github.com/Dharitri-org/drtg-vm-common/builtInFunctions/container.go:38.2,38.22 1 3
github.com/Dharitri-org/drtg-vm-common/builtInFunctions/container.go:43.86,44.27 1 11
github.com/Dharitri-org/drtg-vm-common/builtInFunctions/container.go:44.27,46.3 1 1
github.com/Dharitri-org/drtg-vm-common/builtInFunctions/container.go:47.2,47.19 1 10
github.com/Dharitri-org/drtg-vm-common/builtInFunctions/container.go:47.19,49.3 1 0
github.com/Dharitri-org/drtg-vm-common/builtInFunctions/container.go:51.2,52.9 2 10
github.com/Dharitri-org/drtg-vm-common/builtInFunctions/container.go:52.9,54.3 1 1
github.com/Dharitri-org/drtg-vm-common/builtInFunctions/container.go:56.2,56.12 1 9
github.com/Dharitri-org/drtg-vm-common/builtInFunctions/container.go:60.90,61.27 1 2
github.com/Dharitri-org/drtg-vm-common/builtInFunctions/container.go:61.27,63.3 1 1
github.com/Dharitri-org/drtg-vm-common/builtInFunctions/container.go:64.2,64.19 1 1
github.com/Dharitri-org/drtg-vm-common/builtInFunctions/container.go:64.19,66.3 1 0
github.com/Dharitri-org/drtg-vm-common/builtInFunctions/container.go:68.2,69.12 2 1
github.com/Dharitri-org/drtg-vm-common/builtInFunctions/container.go:73.48,75.2 1 2
github.com/Dharitri-org/drtg-vm-common/builtInFunctions/container.go:78.39,80.2 1 4
github.com/Dharitri-org/drtg-vm-common/builtInFunctions/container.go:83.56,86.39 2 0
github.com/Dharitri-org/drtg-vm-common/builtInFunctions/container.go:86.39,88.10 2 0
github.com/Dharitri-org/drtg-vm-common/builtInFunctions/container.go:88.10,89.12 1 0
github.com/Dharitri-org/drtg-vm-common/builtInFunctions/container.go:92.3,92.31 1 0
github.com/Dharitri-org/drtg-vm-common/builtInFunctions/container.go:95.2,95.13 1 0
github.com/Dharitri-org/drtg-vm-common/builtInFunctions/container.go:99.51,101.2 1 1
github.com/Dharitri-org/drtg-vm-common/builtInFunctions/dctBurn.go:30.21,31.30 1 2
github.com/Dharitri-org/drtg-vm-common/builtInFunctions/dctBurn.go:31.30,33.3 1 0
github.com/Dharitri-org/drtg-vm-common/builtInFunctions/dctBurn.go:34.2,34.40 1 2
github.com/Dharitri-org/drtg-vm-common/builtInFunctions/dctBurn.go:34.40,36.3 1 0
github.com/Dharitri-org/drtg-vm-common/builtInFunctions/dctBurn.go:38.2,53.15 4 2
github.com/Dharitri-org/drtg-vm-common/builtInFunctions/dctBurn.go:57.62,58.20 1 0
github.com/Dharitri-org/drtg-vm-common/builtInFunctions/dctBurn.go:58.20,60.3 1 0
github.com/Dharitri-org/drtg-vm-common/builtInFunctions/dctBurn.go:62.2,64.25 3 0
github.com/Dharitri-org/drtg-vm-common/builtInFunctions/dctBurn.go:71.31,76.16 4 11
github.com/Dharitri-org/drtg-vm-common/builtInFunctions/dctBurn.go:76.16,78.3 1 2
github.com/Dharitri-org/drtg-vm-common/builtInFunctions/dctBurn.go:79.2,79.33 1 9
github.com/Dharitri-org/drtg-vm-common/builtInFunctions/dctBurn.go:79.33,81.3 1 0
github.com/Dharitri-org/drtg-vm-common/builtInFunctions/dctBurn.go:82.2,83.26 2 9
github.com/Dharitri-org/drtg-vm-common/builtInFunctions/dctBurn.go:83.26,85.3 1 0
github.com/Dharitri-org/drtg-vm-common/builtInFunctions/dctBurn.go:86.2,86.60 1 9
github.com/Dharitri-org/drtg-vm-common/builtInFunctions/dctBurn.go:86.60,88.3 1 1
github.com/Dharitri-org/drtg-vm-common/builtInFunctions/dctBurn.go:89.2,89.26 1 8
github.com/Dharitri-org/drtg-vm-common/builtInFunctions/dctBurn.go:89.26,91.3 1 1
github.com/Dharitri-org/drtg-vm-common/builtInFunctions/dctBurn.go:93.2,95.41 2 7
github.com/Dharitri-org/drtg-vm-common/builtInFunctions/dctBurn.go:95.41,97.3 1 1
github.com/Dharitri-org/drtg-vm-common/builtInFunctions/dctBurn.go:99.2,100.16 2 6
github.com/Dharitri-org/drtg-vm-common/builtInFunctions/dctBurn.go:100.16,102.3 1 4
github.com/Dharitri-org/drtg-vm-common/builtInFunctions/dctBurn.go:104.2,106.57 3 2
github.com/Dharitri-org/drtg-vm-common/builtInFunctions/dctBurn.go:106.57,115.3 1 0
github.com/Dharitri-org/drtg-vm-common/builtInFunctions/dctBurn.go:117.2,119.22 2 2
github.com/Dharitri-org/drtg-vm-common/builtInFunctions/dctBurn.go:123.41,125.2 1 2
github.com/Dharitri-org/drtg-vm-common/builtInFunctions/dctFreezeWipe.go:25.27,26.30 1 5
github.com/Dharitri-org/drtg-vm-common/builtInFunctions/dctFreezeWipe.go:26.30,28.3 1 0
github.com/Dharitri-org/drtg-vm-common/builtInFunctions/dctFreezeWipe.go:30.2,37.15 2 5
github.com/Dharitri-org/drtg-vm-common/builtInFunctions/dctFreezeWipe.go:41.63,42.2 0 0
github.com/Dharitri-org/drtg-vm-common/builtInFunctions/dctFreezeWipe.go:48.31,49.20 1 12
github.com/Dharitri-org/drtg-vm-common/builtInFunctions/dctFreezeWipe.go:49.20,51.3 1 2
github.com/Dharitri-org/drtg-vm-common/builtInFunctions/dctFreezeWipe.go:52.2,52.38 1 10
github.com/Dharitri-org/drtg-vm-common/builtInFunctions/dctFreezeWipe.go:52.38,54.3 1 1
github.com/Dharitri-org/drtg-vm-common/builtInFunctions/dctFreezeWipe.go:55.2,55.33 1 9
github.com/Dharitri-org/drtg-vm-common/builtInFunctions/dctFreezeWipe.go:55.33,57.3 1 2
github.com/Dharitri-org/drtg-vm-common/builtInFunctions/dctFreezeWipe.go:58.2,58.57 1 7
github.com/Dharitri-org/drtg-vm-common/builtInFunctions/dctFreezeWipe.go:58.57,60.3 1 1
github.com/Dharitri-org/drtg-vm-common/builtInFunctions/dctFreezeWipe.go:61.2,61.26 1 6
github.com/Dharitri-org/drtg-vm-common/builtInFunctions/dctFreezeWipe.go:61.26,63.3 1 1
github.com/Dharitri-org/drtg-vm-common/builtInFunctions/dctFreezeWipe.go:65.2,67.12 2 5
github.com/Dharitri-org/drtg-vm-common/builtInFunctions/dctFreezeWipe.go:67.12,69.17 2 2
github.com/Dharitri-org/drtg-vm-common/builtInFunctions/dctFreezeWipe.go:69.17,71.4 1 1
github.com/Dharitri-org/drtg-vm-common/builtInFunctions/dctFreezeWipe.go:72.8,74.17 2 3
github.com/Dharitri-org/drtg-vm-common/builtInFunctions/dctFreezeWipe.go:74.17,76.4 1 0
github.com/Dharitri-org/drtg-vm-common/builtInFunctions/dctFreezeWipe.go:79.2,80.12 2 4
github.com/Dharitri-org/drtg-vm-common/builtInFunctions/dctFreezeWipe.go:80.12,82.3 1 1
github.com/Dharitri-org/drtg-vm-common/builtInFunctions/dctFreezeWipe.go:84.2,84.22 1 4
github.com/Dharitri-org/drtg-vm-common/builtInFunctions/dctFreezeWipe.go:87.102,89.16 2 2
github.com/Dharitri-org/drtg-vm-common/builtInFunctions/dctFreezeWipe.go:89.16,91.3 1 0
github.com/Dharitri-org/drtg-vm-common/builtInFunctions/dctFreezeWipe.go:93.2,94.29 2 2
github.com/Dharitri-org/drtg-vm-common/builtInFunctions/dctFreezeWipe.go:94.29,96.3 1 1
github.com/Dharitri-org/drtg-vm-common/builtInFunctions/dctFreezeWipe.go:98.2,98.65 1 1
github.com/Dharitri-org/drtg-vm-common/builtInFunctions/dctFreezeWipe.go:101.98,103.16 2 3
github.com/Dharitri-org/drtg-vm-common/builtInFunctions/dctFreezeWipe.go:103.16,105.3 1 0
github.com/Dharitri-org/drtg-vm-common/builtInFunctions/dctFreezeWipe.go:107.2,112.16 5 3
github.com/Dharitri-org/drtg-vm-common/builtInFunctions/dctFreezeWipe.go:112.16,114.3 1 0
github.com/Dharitri-org/drtg-vm-common/builtInFunctions/dctFreezeWipe.go:116.2,116.12 1 3
github.com/Dharitri-org/drtg-vm-common/builtInFunctions/dctFreezeWipe.go:120.47,122.2 1 0
github.com/Dharitri-org/drtg-vm-common/builtInFunctions/dctGlobalSettings.go:26.31,27.27 1 7
github.com/Dharitri-org/drtg-vm-common/builtInFunctions/dctGlobalSettings.go:27.27,29.3 1 0
github.com/Dharitri-org/drtg-vm-common/builtInFunctions/dctGlobalSettings.go:30.2,30.34 1 7
github.com/Dharitri-org/drtg-vm-common/builtInFunctions/dctGlobalSettings.go:30.34,32.3 1 0
github.com/Dharitri-org/drtg-vm-common/builtInFunctions/dctGlobalSettings.go:34.2,48.15 4 7
github.com/Dharitri-org/drtg-vm-common/builtInFunctions/dctGlobalSettings.go:51.46,52.18 1 7
github.com/Dharitri-org/drtg-vm-common/builtInFunctions/dctGlobalSettings.go:53.156,54.14 1 7
github.com/Dharitri-org/drtg-vm-common/builtInFunctions/dctGlobalSettings.go:55.10,56.15 1 0
github.com/Dharitri-org/drtg-vm-common/builtInFunctions/dctGlobalSettings.go:61.67,62.2 0 0
github.com/Dharitri-org/drtg-vm-common/builtInFunctions/dctGlobalSettings.go:68.31,69.20 1 17
github.com/Dharitri-org/drtg-vm-common/builtInFunctions/dctGlobalSettings.go:69.20,71.3 1 2
github.com/Dharitri-org/drtg-vm-common/builtInFunctions/dctGlobalSettings.go:72.2,72.38 1 15
github.com/Dharitri-org/drtg-vm-common/builtInFunctions/dctGlobalSettings.go:72.38,74.3 1 2
github.com/Dharitri-org/drtg-vm-common/builtInFunctions/dctGlobalSettings.go:75.2,75.33 1 13
github.com/Dharitri-org/drtg-vm-common/builtInFunctions/dctGlobalSettings.go:75.33,77.3 1 4
github.com/Dharitri-org/drtg-vm-common/builtInFunctions/dctGlobalSettings.go:78.2,78.57 1 9
github.com/Dharitri-org/drtg-vm-common/builtInFunctions/dctGlobalSettings.go:78.57,80.3 1 2
github.com/Dharitri-org/drtg-vm-common/builtInFunctions/dctGlobalSettings.go:81.2,81.61 1 7
github.com/Dharitri-org/drtg-vm-common/builtInFunctions/dctGlobalSettings.go:81.61,83.3 1 2
github.com/Dharitri-org/drtg-vm-common/builtInFunctions/dctGlobalSettings.go:85.2,88.16 3 5
github.com/Dharitri-org/drtg-vm-common/builtInFunctions/dctGlobalSettings.go:88.16,90.3 1 0
github.com/Dharitri-org/drtg-vm-common/builtInFunctions/dctGlobalSettings.go:92.2,93.22 2 5
github.com/Dharitri-org/drtg-vm-common/builtInFunctions/dctGlobalSettings.go:96.63,98.16 2 5
github.com/Dharitri-org/drtg-vm-common/builtInFunctions/dctGlobalSettings.go:98.16,100.3 1 0
github.com/Dharitri-org/drtg-vm-common/builtInFunctions/dctGlobalSettings.go:102.2,103.16 2 5
github.com/Dharitri-org/drtg-vm-common/builtInFunctions/dctGlobalSettings.go:103.16,105.3 1 0
github.com/Dharitri-org/drtg-vm-common/builtInFunctions/dctGlobalSettings.go:107.2,107.20 1 5
github.com/Dharitri-org/drtg-vm-common/builtInFunctions/dctGlobalSettings.go:108.94,110.8 2 2
github.com/Dharitri-org/drtg-vm-common/builtInFunctions/dctGlobalSettings.go:111.68,113.8 2 3
github.com/Dharitri-org/drtg-vm-common/builtInFunctions/dctGlobalSettings.go:116.2,117.16 2 5
github.com/Dharitri-org/drtg-vm-common/builtInFunctions/dctGlobalSettings.go:117.16,119.3 1 0
github.com/Dharitri-org/drtg-vm-common/builtInFunctions/dctGlobalSettings.go:121.2,121.48 1 5
github.com/Dharitri-org/drtg-vm-common/builtInFunctions/dctGlobalSettings.go:124.85,126.16 2 33
github.com/Dharitri-org/drtg-vm-common/builtInFunctions/dctGlobalSettings.go:126.16,128.3 1 3
github.com/Dharitri-org/drtg-vm-common/builtInFunctions/dctGlobalSettings.go:130.2,131.9 2 30
github.com/Dharitri-org/drtg-vm-common/builtInFunctions/dctGlobalSettings.go:131.9,133.3 1 0
github.com/Dharitri-org/drtg-vm-common/builtInFunctions/dctGlobalSettings.go:135.2,135.21 1 30
github.com/Dharitri-org/drtg-vm-common/builtInFunctions/dctGlobalSettings.go:139.60,141.16 2 11
github.com/Dharitri-org/drtg-vm-common/builtInFunctions/dctGlobalSettings.go:141.16,143.3 1 1
github.com/Dharitri-org/drtg-vm-common/builtInFunctions/dctGlobalSettings.go:145.2,145.27 1 10
github.com/Dharitri-org/drtg-vm-common/builtInFunctions/dctGlobalSettings.go:149.69,151.16 2 12
github.com/Dharitri-org/drtg-vm-common/builtInFunctions/dctGlobalSettings.go:151.16,153.3 1 2
github.com/Dharitri-org/drtg-vm-common/builtInFunctions/dctGlobalSettings.go:155.2,155.36 1 10
github.com/Dharitri-org/drtg-vm-common/builtInFunctions/dctGlobalSettings.go:158.92,160.16 2 28
github.com/Dharitri-org/drtg-vm-common/builtInFunctions/dctGlobalSettings.go:160.16,162.3 1 3
github.com/Dharitri-org/drtg-vm-common/builtInFunctions/dctGlobalSettings.go:164.2,166.26 3 25
github.com/Dharitri-org/drtg-vm-common/builtInFunctions/dctGlobalSettings.go:170.51,172.2 1 9
github.com/Dharitri-org/drtg-vm-common/builtInFunctions/dctLocalBurn.go:29.26,30.30 1 9
github.com/Dharitri-org/drtg-vm-common/builtInFunctions/dctLocalBurn.go:30.30,32.3 1 1
github.com/Dharitri-org/drtg-vm-common/builtInFunctions/dctLocalBurn.go:33.2,33.40 1 8
github.com/Dharitri-org/drtg-vm-common/builtInFunctions/dctLocalBurn.go:33.40,35.3 1 1
github.com/Dharitri-org/drtg-vm-common/builtInFunctions/dctLocalBurn.go:36.2,36.31 1 7
github.com/Dharitri-org/drtg-vm-common/builtInFunctions/dctLocalBurn.go:36.31,38.3 1 1
github.com/Dharitri-org/drtg-vm-common/builtInFunctions/dctLocalBurn.go:40.2,49.15 2 6
github.com/Dharitri-org/drtg-vm-common/builtInFunctions/dctLocalBurn.go:53.67,54.20 1 1
github.com/Dharitri-org/drtg-vm-common/builtInFunctions/dctLocalBurn.go:54.20,56.3 1 0
github.com/Dharitri-org/drtg-vm-common/builtInFunctions/dctLocalBurn.go:58.2,60.25 3 1
github.com/Dharitri-org/drtg-vm-common/builtInFunctions/dctLocalBurn.go:67.31,72.16 4 4
github.com/Dharitri-org/drtg-vm-common/builtInFunctions/dctLocalBurn.go:72.16,74.3 1 1
github.com/Dharitri-org/drtg-vm-common/builtInFunctions/dctLocalBurn.go:76.2,78.16 3 3
github.com/Dharitri-org/drtg-vm-common/builtInFunctions/dctLocalBurn.go:78.16,80.3 1 1
github.com/Dharitri-org/drtg-vm-common/builtInFunctions/dctLocalBurn.go:82.2,85.16 4 2
github.com/Dharitri-org/drtg-vm-common/builtInFunctions/dctLocalBurn.go:85.16,87.3 1 1
github.com/Dharitri-org/drtg-vm-common/builtInFunctions/dctLocalBurn.go:89.2,93.22 3 1
github.com/Dharitri-org/drtg-vm-common/builtInFunctions/dctLocalBurn.go:97.46,99.2 1 0
github.com/Dharitri-org/drtg-vm-common/builtInFunctions/dctLocalBurn.go:101.72,102.20 1 161
github.com/Dharitri-org/drtg-vm-common/builtInFunctions/dctLocalBurn.go:102.20,104.3 1 11
github.com/Dharitri-org/drtg-vm-common/builtInFunctions/dctLocalBurn.go:105.2,105.30 1 150
github.com/Dharitri-org/drtg-vm-common/builtInFunctions/dctLocalBurn.go:105.30,107.3 1 1
github.com/Dharitri-org/drtg-vm-common/builtInFunctions/dctLocalBurn.go:108.2,108.38 1 149
github.com/Dharitri-org/drtg-vm-common/builtInFunctions/dctLocalBurn.go:108.38,110.3 1 8
github.com/Dharitri-org/drtg-vm-common/builtInFunctions/dctLocalBurn.go:111.2,111.62 1 141
github.com/Dharitri-org/drtg-vm-common/builtInFunctions/dctLocalBurn.go:111.62,113.3 1 11
github.com/Dharitri-org/drtg-vm-common/builtInFunctions/dctLocalBurn.go:114.2,114.12 1 130
github.com/Dharitri-org/drtg-vm-common/builtInFunctions/dctLocalBurn.go:121.9,123.16 2 12
github.com/Dharitri-org/drtg-vm-common/builtInFunctions/dctLocalBurn.go:123.16,125.3 1 2
github.com/Dharitri-org/drtg-vm-common/builtInFunctions/dctLocalBurn.go:126.2,126.61 1 10
github.com/Dharitri-org/drtg-vm-common/builtInFunctions/dctLocalBurn.go:126.61,128.3 1 1
github.com/Dharitri-org/drtg-vm-common/builtInFunctions/dctLocalBurn.go:129.2,129.26 1 9
github.com/Dharitri-org/drtg-vm-common/builtInFunctions/dctLocalBurn.go:129.26,131.3 1 1
github.com/Dharitri-org/drtg-vm-common/builtInFunctions/dctLocalBurn.go:132.2,133.26 2 8
github.com/Dharitri-org/drtg-vm-common/builtInFunctions/dctLocalBurn.go:133.26,135.3 1 0
github.com/Dharitri-org/drtg-vm-common/builtInFunctions/dctLocalBurn.go:136.2,136.39 1 8
github.com/Dharitri-org/drtg-vm-common/builtInFunctions/dctLocalBurn.go:136.39,138.3 1 1
github.com/Dharitri-org/drtg-vm-common/builtInFunctions/dctLocalBurn.go:140.2,140.12 1 7
github.com/Dharitri-org/drtg-vm-common/builtInFunctions/dctLocalMint.go:29.26,30.30 1 9
github.com/Dharitri-org/drtg-vm-common/builtInFunctions/dctLocalMint.go:30.30,32.3 1 1
github.com/Dharitri-org/drtg-vm-common/builtInFunctions/dctLocalMint.go:33.2,33.40 1 8
github.com/Dharitri-org/drtg-vm-common/builtInFunctions/dctLocalMint.go:33.40,35.3 1 1
github.com/Dharitri-org/drtg-vm-common/builtInFunctions/dctLocalMint.go:36.2,36.31 1 7
github.com/Dharitri-org/drtg-vm-common/builtInFunctions/dctLocalMint.go:36.31,38.3 1 1
github.com/Dharitri-org/drtg-vm-common/builtInFunctions/dctLocalMint.go:40.2,49.15 2 6
github.com/Dharitri-org/drtg-vm-common/builtInFunctions/dctLocalMint.go:53.67,54.20 1 1
github.com/Dharitri-org/drtg-vm-common/builtInFunctions/dctLocalMint.go:54.20,56.3 1 0
github.com/Dharitri-org/drtg-vm-common/builtInFunctions/dctLocalMint.go:58.2,60.25 3 1
github.com/Dharitri-org/drtg-vm-common/builtInFunctions/dctLocalMint.go:67.31,72.16 4 5
github.com/Dharitri-org/drtg-vm-common/builtInFunctions/dctLocalMint.go:72.16,74.3 1 1
github.com/Dharitri-org/drtg-vm-common/builtInFunctions/dctLocalMint.go:76.2,78.16 3 4
github.com/Dharitri-org/drtg-vm-common/builtInFunctions/dctLocalMint.go:78.16,80.3 1 1
github.com/Dharitri-org/drtg-vm-common/builtInFunctions/dctLocalMint.go:82.2,82.60 1 3
github.com/Dharitri-org/drtg-vm-common/builtInFunctions/dctLocalMint.go:82.60,84.3 1 1
github.com/Dharitri-org/drtg-vm-common/builtInFunctions/dctLocalMint.go:86.2,89.16 4 2
github.com/Dharitri-org/drtg-vm-common/builtInFunctions/dctLocalMint.go:89.16,91.3 1 1
github.com/Dharitri-org/drtg-vm-common/builtInFunctions/dctLocalMint.go:93.2,97.22 3 1
github.com/Dharitri-org/drtg-vm-common/builtInFunctions/dctLocalMint.go:101.46,103.2 1 0
github.com/Dharitri-org/drtg-vm-common/builtInFunctions/dctMetaData.go:24.65,25.39 1 36
github.com/Dharitri-org/drtg-vm-common/builtInFunctions/dctMetaData.go:25.39,27.3 1 3
github.com/Dharitri-org/drtg-vm-common/builtInFunctions/dctMetaData.go:29.2,32.3 1 33
github.com/Dharitri-org/drtg-vm-common/builtInFunctions/dctMetaData.go:36.53,39.21 2 11
github.com/Dharitri-org/drtg-vm-common/builtInFunctions/dctMetaData.go:39.21,41.3 1 6
github.com/Dharitri-org/drtg-vm-common/builtInFunctions/dctMetaData.go:42.2,42.30 1 11
github.com/Dharitri-org/drtg-vm-common/builtInFunctions/dctMetaData.go:42.30,44.3 1 5
github.com/Dharitri-org/drtg-vm-common/builtInFunctions/dctMetaData.go:46.2,46.14 1 11
github.com/Dharitri-org/drtg-vm-common/builtInFunctions/dctMetaData.go:55.61,56.39 1 119
github.com/Dharitri-org/drtg-vm-common/builtInFunctions/dctMetaData.go:56.39,58.3 1 100
github.com/Dharitri-org/drtg-vm-common/builtInFunctions/dctMetaData.go:60.2,62.3 1 19
github.com/Dharitri-org/drtg-vm-common/builtInFunctions/dctMetaData.go:66.51,69.21 2 14
github.com/Dharitri-org/drtg-vm-common/builtInFunctions/dctMetaData.go:69.21,71.3 1 9
github.com/Dharitri-org/drtg-vm-common/builtInFunctions/dctMetaData.go:73.2,73.14 1 14
github.com/Dharitri-org/drtg-vm-common/builtInFunctions/dctNFTAddQuantity.go:28.31,29.30 1 13
github.com/Dharitri-org/drtg-vm-common/builtInFunctions/dctNFTAddQuantity.go:29.30,31.3 1 1
github.com/Dharitri-org/drtg-vm-common/builtInFunctions/dctNFTAddQuantity.go:32.2,32.40 1 12
github.com/Dharitri-org/drtg-vm-common/builtInFunctions/dctNFTAddQuantity.go:32.40,34.3 1 1
github.com/Dharitri-org/drtg-vm-common/builtInFunctions/dctNFTAddQuantity.go:35.2,35.31 1 11
github.com/Dharitri-org/drtg-vm-common/builtInFunctions/dctNFTAddQuantity.go:35.31,37.3 1 1
github.com/Dharitri-org/drtg-vm-common/builtInFunctions/dctNFTAddQuantity.go:39.2,48.15 2 10
github.com/Dharitri-org/drtg-vm-common/builtInFunctions/dctNFTAddQuantity.go:52.72,53.20 1 2
github.com/Dharitri-org/drtg-vm-common/builtInFunctions/dctNFTAddQuantity.go:53.20,55.3 1 1
github.com/Dharitri-org/drtg-vm-common/builtInFunctions/dctNFTAddQuantity.go:57.2,59.25 3 1
github.com/Dharitri-org/drtg-vm-common/builtInFunctions/dctNFTAddQuantity.go:70.31,75.16 4 13
github.com/Dharitri-org/drtg-vm-common/builtInFunctions/dctNFTAddQuantity.go:75.16,77.3 1 7
github.com/Dharitri-org/drtg-vm-common/builtInFunctions/dctNFTAddQuantity.go:78.2,78.32 1 6
github.com/Dharitri-org/drtg-vm-common/builtInFunctions/dctNFTAddQuantity.go:78.32,80.3 1 1
github.com/Dharitri-org/drtg-vm-common/builtInFunctions/dctNFTAddQuantity.go:82.2,83.16 2 5
github.com/Dharitri-org/drtg-vm-common/builtInFunctions/dctNFTAddQuantity.go:83.16,85.3 1 1
github.com/Dharitri-org/drtg-vm-common/builtInFunctions/dctNFTAddQuantity.go:87.2,90.16 4 4
github.com/Dharitri-org/drtg-vm-common/builtInFunctions/dctNFTAddQuantity.go:90.16,92.3 1 1
github.com/Dharitri-org/drtg-vm-common/builtInFunctions/dctNFTAddQuantity.go:93.2,93.16 1 3
github.com/Dharitri-org/drtg-vm-common/builtInFunctions/dctNFTAddQuantity.go:93.16,95.3 1 1
github.com/Dharitri-org/drtg-vm-common/builtInFunctions/dctNFTAddQuantity.go:97.2,101.16 4 2
github.com/Dharitri-org/drtg-vm-common/builtInFunctions/dctNFTAddQuantity.go:101.16,103.3 1 1
github.com/Dharitri-org/drtg-vm-common/builtInFunctions/dctNFTAddQuantity.go:105.2,112.22 3 1
github.com/Dharitri-org/drtg-vm-common/builtInFunctions/dctNFTAddQuantity.go:116.51,118.2 1 4
github.com/Dharitri-org/drtg-vm-common/builtInFunctions/dctNFTAddUri.go:33.26,34.30 1 14
github.com/Dharitri-org/drtg-vm-common/builtInFunctions/dctNFTAddUri.go:34.30,36.3 1 1
github.com/Dharitri-org/drtg-vm-common/builtInFunctions/dctNFTAddUri.go:37.2,37.40 1 13
github.com/Dharitri-org/drtg-vm-common/builtInFunctions/dctNFTAddUri.go:37.40,39.3 1 1
github.com/Dharitri-org/drtg-vm-common/builtInFunctions/dctNFTAddUri.go:40.2,40.31 1 12
github.com/Dharitri-org/drtg-vm-common/builtInFunctions/dctNFTAddUri.go:40.31,42.3 1 1
github.com/Dharitri-org/drtg-vm-common/builtInFunctions/dctNFTAddUri.go:43.2,43.32 1 11
github.com/Dharitri-org/drtg-vm-common/builtInFunctions/dctNFTAddUri.go:43.32,45.3 1 1
github.com/Dharitri-org/drtg-vm-common/builtInFunctions/dctNFTAddUri.go:47.2,65.15 4 10
github.com/Dharitri-org/drtg-vm-common/builtInFunctions/dctNFTAddUri.go:69.67,70.20 1 2
github.com/Dharitri-org/drtg-vm-common/builtInFunctions/dctNFTAddUri.go:70.20,72.3 1 1
github.com/Dharitri-org/drtg-vm-common/builtInFunctions/dctNFTAddUri.go:74.2,77.25 4 1
github.com/Dharitri-org/drtg-vm-common/builtInFunctions/dctNFTAddUri.go:88.31,93.16 4 13
github.com/Dharitri-org/drtg-vm-common/builtInFunctions/dctNFTAddUri.go:93.16,95.3 1 7
github.com/Dharitri-org/drtg-vm-common/builtInFunctions/dctNFTAddUri.go:96.2,96.32 1 6
github.com/Dharitri-org/drtg-vm-common/builtInFunctions/dctNFTAddUri.go:96.32,98.3 1 1
github.com/Dharitri-org/drtg-vm-common/builtInFunctions/dctNFTAddUri.go:100.2,101.16 2 5
github.com/Dharitri-org/drtg-vm-common/builtInFunctions/dctNFTAddUri.go:101.16,103.3 1 1
github.com/Dharitri-org/drtg-vm-common/builtInFunctions/dctNFTAddUri.go:105.2,106.57 2 4
github.com/Dharitri-org/drtg-vm-common/builtInFunctions/dctNFTAddUri.go:106.57,108.3 1 0
github.com/Dharitri-org/drtg-vm-common/builtInFunctions/dctNFTAddUri.go:110.2,112.16 3 4
github.com/Dharitri-org/drtg-vm-common/builtInFunctions/dctNFTAddUri.go:112.16,114.3 1 1
github.com/Dharitri-org/drtg-vm-common/builtInFunctions/dctNFTAddUri.go:115.2,116.16 2 3
github.com/Dharitri-org/drtg-vm-common/builtInFunctions/dctNFTAddUri.go:116.16,118.3 1 1
github.com/Dharitri-org/drtg-vm-common/builtInFunctions/dctNFTAddUri.go:120.2,123.16 3 2
github.com/Dharitri-org/drtg-vm-common/builtInFunctions/dctNFTAddUri.go:123.16,125.3 1 1
github.com/Dharitri-org/drtg-vm-common/builtInFunctions/dctNFTAddUri.go:127.2,134.22 3 1
github.com/Dharitri-org/drtg-vm-common/builtInFunctions/dctNFTAddUri.go:137.90,139.44 2 4
github.com/Dharitri-org/drtg-vm-common/builtInFunctions/dctNFTAddUri.go:139.44,141.3 1 4
github.com/Dharitri-org/drtg-vm-common/builtInFunctions/dctNFTAddUri.go:142.2,142.51 1 4
github.com/Dharitri-org/drtg-vm-common/builtInFunctions/dctNFTAddUri.go:146.46,148.2 1 15
github.com/Dharitri-org/drtg-vm-common/builtInFunctions/dctNFTBurn.go:28.24,29.30 1 14
github.com/Dharitri-org/drtg-vm-common/builtInFunctions/dctNFTBurn.go:29.30,31.3 1 1
github.com/Dharitri-org/drtg-vm-common/builtInFunctions/dctNFTBurn.go:32.2,32.40 1 13
github.com/Dharitri-org/drtg-vm-common/builtInFunctions/dctNFTBurn.go:32.40,34.3 1 1
github.com/Dharitri-org/drtg-vm-common/builtInFunctions/dctNFTBurn.go:35.2,35.31 1 12
github.com/Dharitri-org/drtg-vm-common/builtInFunctions/dctNFTBurn.go:35.31,37.3 1 1
github.com/Dharitri-org/drtg-vm-common/builtInFunctions/dctNFTBurn.go:39.2,48.15 2 11
github.com/Dharitri-org/drtg-vm-common/builtInFunctions/dctNFTBurn.go:52.65,53.20 1 2
github.com/Dharitri-org/drtg-vm-common/builtInFunctions/dctNFTBurn.go:53.20,55.3 1 1
github.com/Dharitri-org/drtg-vm-common/builtInFunctions/dctNFTBurn.go:57.2,59.25 3 1
github.com/Dharitri-org/drtg-vm-common/builtInFunctions/dctNFTBurn.go:70.31,75.16 4 14
github.com/Dharitri-org/drtg-vm-common/builtInFunctions/dctNFTBurn.go:75.16,77.3 1 7
github.com/Dharitri-org/drtg-vm-common/builtInFunctions/dctNFTBurn.go:78.2,78.32 1 7
github.com/Dharitri-org/drtg-vm-common/builtInFunctions/dctNFTBurn.go:78.32,80.3 1 1
github.com/Dharitri-org/drtg-vm-common/builtInFunctions/dctNFTBurn.go:82.2,83.16 2 6
github.com/Dharitri-org/drtg-vm-common/builtInFunctions/dctNFTBurn.go:83.16,85.3 1 1
github.com/Dharitri-org/drtg-vm-common/builtInFunctions/dctNFTBurn.go:87.2,90.16 4 5
github.com/Dharitri-org/drtg-vm-common/builtInFunctions/dctNFTBurn.go:90.16,92.3 1 1
github.com/Dharitri-org/drtg-vm-common/builtInFunctions/dctNFTBurn.go:93.2,93.16 1 4
github.com/Dharitri-org/drtg-vm-common/builtInFunctions/dctNFTBurn.go:93.16,95.3 1 1
github.com/Dharitri-org/drtg-vm-common/builtInFunctions/dctNFTBurn.go:97.2,98.43 2 3
github.com/Dharitri-org/drtg-vm-common/builtInFunctions/dctNFTBurn.go:98.43,100.3 1 1
github.com/Dharitri-org/drtg-vm-common/builtInFunctions/dctNFTBurn.go:102.2,105.16 3 2
github.com/Dharitri-org/drtg-vm-common/builtInFunctions/dctNFTBurn.go:105.16,107.3 1 1
github.com/Dharitri-org/drtg-vm-common/builtInFunctions/dctNFTBurn.go:109.2,116.22 3 1
github.com/Dharitri-org/drtg-vm-common/builtInFunctions/dctNFTBurn.go:120.44,122.2 1 4
github.com/Dharitri-org/drtg-vm-common/builtInFunctions/dctNFTCreate.go:35.26,36.30 1 8
github.com/Dharitri-org/drtg-vm-common/builtInFunctions/dctNFTCreate.go:36.30,38.3 1 1
github.com/Dharitri-org/drtg-vm-common/builtInFunctions/dctNFTCreate.go:39.2,39.40 1 7
github.com/Dharitri-org/drtg-vm-common/builtInFunctions/dctNFTCreate.go:39.40,41.3 1 1
github.com/Dharitri-org/drtg-vm-common/builtInFunctions/dctNFTCreate.go:42.2,42.31 1 6
github.com/Dharitri-org/drtg-vm-common/builtInFunctions/dctNFTCreate.go:42.31,44.3 1 1
github.com/Dharitri-org/drtg-vm-common/builtInFunctions/dctNFTCreate.go:46.2,56.15 2 5
github.com/Dharitri-org/drtg-vm-common/builtInFunctions/dctNFTCreate.go:60.67,61.20 1 2
github.com/Dharitri-org/drtg-vm-common/builtInFunctions/dctNFTCreate.go:61.20,63.3 1 1
github.com/Dharitri-org/drtg-vm-common/builtInFunctions/dctNFTCreate.go:65.2,68.25 4 1
github.com/Dharitri-org/drtg-vm-common/builtInFunctions/dctNFTCreate.go:83.31,88.16 4 7
github.com/Dharitri-org/drtg-vm-common/builtInFunctions/dctNFTCreate.go:88.16,90.3 1 4
github.com/Dharitri-org/drtg-vm-common/builtInFunctions/dctNFTCreate.go:91.2,91.32 1 3
github.com/Dharitri-org/drtg-vm-common/builtInFunctions/dctNFTCreate.go:91.32,93.3 1 1
github.com/Dharitri-org/drtg-vm-common/builtInFunctions/dctNFTCreate.go:95.2,97.16 3 2
github.com/Dharitri-org/drtg-vm-common/builtInFunctions/dctNFTCreate.go:97.16,99.3 1 1
github.com/Dharitri-org/drtg-vm-common/builtInFunctions/dctNFTCreate.go:101.2,102.16 2 1
github.com/Dharitri-org/drtg-vm-common/builtInFunctions/dctNFTCreate.go:102.16,104.3 1 0
github.com/Dharitri-org/drtg-vm-common/builtInFunctions/dctNFTCreate.go:106.2,107.40 2 1
github.com/Dharitri-org/drtg-vm-common/builtInFunctions/dctNFTCreate.go:107.40,109.3 1 8
github.com/Dharitri-org/drtg-vm-common/builtInFunctions/dctNFTCreate.go:110.2,111.36 2 1
github.com/Dharitri-org/drtg-vm-common/builtInFunctions/dctNFTCreate.go:111.36,113.3 1 0
github.com/Dharitri-org/drtg-vm-common/builtInFunctions/dctNFTCreate.go:115.2,116.33 2 1
github.com/Dharitri-org/drtg-vm-common/builtInFunctions/dctNFTCreate.go:116.33,118.3 1 0
github.com/Dharitri-org/drtg-vm-common/builtInFunctions/dctNFTCreate.go:120.2,122.29 3 1
github.com/Dharitri-org/drtg-vm-common/builtInFunctions/dctNFTCreate.go:122.29,124.3 1 0
github.com/Dharitri-org/drtg-vm-common/builtInFunctions/dctNFTCreate.go:125.2,125.37 1 1
github.com/Dharitri-org/drtg-vm-common/builtInFunctions/dctNFTCreate.go:125.37,127.17 2 1
github.com/Dharitri-org/drtg-vm-common/builtInFunctions/dctNFTCreate.go:127.17,129.4 1 0
github.com/Dharitri-org/drtg-vm-common/builtInFunctions/dctNFTCreate.go:132.2,149.16 5 1
github.com/Dharitri-org/drtg-vm-common/builtInFunctions/dctNFTCreate.go:149.16,151.3 1 0
github.com/Dharitri-org/drtg-vm-common/builtInFunctions/dctNFTCreate.go:153.2,154.16 2 1
github.com/Dharitri-org/drtg-vm-common/builtInFunctions/dctNFTCreate.go:154.16,156.3 1 0
github.com/Dharitri-org/drtg-vm-common/builtInFunctions/dctNFTCreate.go:158.2,166.22 3 1
github.com/Dharitri-org/drtg-vm-common/builtInFunctions/dctNFTCreate.go:169.87,172.16 3 6
github.com/Dharitri-org/drtg-vm-common/builtInFunctions/dctNFTCreate.go:172.16,174.3 1 0
github.com/Dharitri-org/drtg-vm-common/builtInFunctions/dctNFTCreate.go:176.2,176.25 1 6
github.com/Dharitri-org/drtg-vm-common/builtInFunctions/dctNFTCreate.go:176.25,178.3 1 2
github.com/Dharitri-org/drtg-vm-common/builtInFunctions/dctNFTCreate.go:180.2,180.56 1 4
github.com/Dharitri-org/drtg-vm-common/builtInFunctions/dctNFTCreate.go:183.92,186.2 2 7
github.com/Dharitri-org/drtg-vm-common/builtInFunctions/dctNFTCreate.go:188.69,190.2 1 146
github.com/Dharitri-org/drtg-vm-common/builtInFunctions/dctNFTCreate.go:197.25,199.16 2 60
github.com/Dharitri-org/drtg-vm-common/builtInFunctions/dctNFTCreate.go:199.16,201.3 1 0
github.com/Dharitri-org/drtg-vm-common/builtInFunctions/dctNFTCreate.go:202.2,202.11 1 60
github.com/Dharitri-org/drtg-vm-common/builtInFunctions/dctNFTCreate.go:202.11,204.3 1 5
github.com/Dharitri-org/drtg-vm-common/builtInFunctions/dctNFTCreate.go:206.2,206.21 1 55
github.com/Dharitri-org/drtg-vm-common/builtInFunctions/dctNFTCreate.go:214.31,218.43 4 74
github.com/Dharitri-org/drtg-vm-common/builtInFunctions/dctNFTCreate.go:218.43,220.3 1 10
github.com/Dharitri-org/drtg-vm-common/builtInFunctions/dctNFTCreate.go:222.2,223.16 2 64
github.com/Dharitri-org/drtg-vm-common/builtInFunctions/dctNFTCreate.go:223.16,225.3 1 0
github.com/Dharitri-org/drtg-vm-common/builtInFunctions/dctNFTCreate.go:227.2,227.28 1 64
github.com/Dharitri-org/drtg-vm-common/builtInFunctions/dctNFTCreate.go:237.19,239.16 2 43
github.com/Dharitri-org/drtg-vm-common/builtInFunctions/dctNFTCreate.go:239.16,241.3 1 4
github.com/Dharitri-org/drtg-vm-common/builtInFunctions/dctNFTCreate.go:243.2,244.34 2 39
github.com/Dharitri-org/drtg-vm-common/builtInFunctions/dctNFTCreate.go:244.34,246.3 1 33
github.com/Dharitri-org/drtg-vm-common/builtInFunctions/dctNFTCreate.go:247.2,249.16 3 39
github.com/Dharitri-org/drtg-vm-common/builtInFunctions/dctNFTCreate.go:249.16,251.3 1 0
github.com/Dharitri-org/drtg-vm-common/builtInFunctions/dctNFTCreate.go:253.2,253.34 1 39
github.com/Dharitri-org/drtg-vm-common/builtInFunctions/dctNFTCreate.go:253.34,255.3 1 1
github.com/Dharitri-org/drtg-vm-common/builtInFunctions/dctNFTCreate.go:257.2,258.16 2 38
github.com/Dharitri-org/drtg-vm-common/builtInFunctions/dctNFTCreate.go:258.16,260.3 1 0
github.com/Dharitri-org/drtg-vm-common/builtInFunctions/dctNFTCreate.go:262.2,262.93 1 38
github.com/Dharitri-org/drtg-vm-common/builtInFunctions/dctNFTCreate.go:269.9,271.16 2 60
github.com/Dharitri-org/drtg-vm-common/builtInFunctions/dctNFTCreate.go:271.16,273.3 1 17
github.com/Dharitri-org/drtg-vm-common/builtInFunctions/dctNFTCreate.go:274.2,274.61 1 43
github.com/Dharitri-org/drtg-vm-common/builtInFunctions/dctNFTCreate.go:274.61,276.3 1 5
github.com/Dharitri-org/drtg-vm-common/builtInFunctions/dctNFTCreate.go:277.2,277.26 1 38
github.com/Dharitri-org/drtg-vm-common/builtInFunctions/dctNFTCreate.go:277.26,279.3 1 5
github.com/Dharitri-org/drtg-vm-common/builtInFunctions/dctNFTCreate.go:280.2,280.39 1 33
github.com/Dharitri-org/drtg-vm-common/builtInFunctions/dctNFTCreate.go:280.39,282.3 1 5
github.com/Dharitri-org/drtg-vm-common/builtInFunctions/dctNFTCreate.go:283.2,283.12 1 28
github.com/Dharitri-org/drtg-vm-common/builtInFunctions/dctNFTCreate.go:286.41,288.2 1 15
github.com/Dharitri-org/drtg-vm-common/builtInFunctions/dctNFTCreate.go:291.46,293.2 1 4
github.com/Dharitri-org/drtg-vm-common/builtInFunctions/dctNFTCreateRoleTransfer.go:27.38,28.30 1 7
github.com/Dharitri-org/drtg-vm-common/builtInFunctions/dctNFTCreateRoleTransfer.go:28.30,30.3 1 1
github.com/Dharitri-org/drtg-vm-common/builtInFunctions/dctNFTCreateRoleTransfer.go:31.2,31.27 1 6
github.com/Dharitri-org/drtg-vm-common/builtInFunctions/dctNFTCreateRoleTransfer.go:31.27,33.3 1 1
github.com/Dharitri-org/drtg-vm-common/builtInFunctions/dctNFTCreateRoleTransfer.go:34.2,34.35 1 5
github.com/Dharitri-org/drtg-vm-common/builtInFunctions/dctNFTCreateRoleTransfer.go:34.35,36.3 1 1
github.com/Dharitri-org/drtg-vm-common/builtInFunctions/dctNFTCreateRoleTransfer.go:38.2,45.15 2 4
github.com/Dharitri-org/drtg-vm-common/builtInFunctions/dctNFTCreateRoleTransfer.go:49.74,50.2 0 1
github.com/Dharitri-org/drtg-vm-common/builtInFunctions/dctNFTCreateRoleTransfer.go:56.31,59.16 2 12
github.com/Dharitri-org/drtg-vm-common/builtInFunctions/dctNFTCreateRoleTransfer.go:59.16,61.3 1 4
github.com/Dharitri-org/drtg-vm-common/builtInFunctions/dctNFTCreateRoleTransfer.go:62.2,62.27 1 8
github.com/Dharitri-org/drtg-vm-common/builtInFunctions/dctNFTCreateRoleTransfer.go:62.27,64.3 1 1
github.com/Dharitri-org/drtg-vm-common/builtInFunctions/dctNFTCreateRoleTransfer.go:65.2,65.26 1 7
github.com/Dharitri-org/drtg-vm-common/builtInFunctions/dctNFTCreateRoleTransfer.go:65.26,67.3 1 1
github.com/Dharitri-org/drtg-vm-common/builtInFunctions/dctNFTCreateRoleTransfer.go:69.2,70.56 2 6
github.com/Dharitri-org/drtg-vm-common/builtInFunctions/dctNFTCreateRoleTransfer.go:70.56,72.21 2 3
github.com/Dharitri-org/drtg-vm-common/builtInFunctions/dctNFTCreateRoleTransfer.go:72.21,74.4 1 2
github.com/Dharitri-org/drtg-vm-common/builtInFunctions/dctNFTCreateRoleTransfer.go:75.3,76.59 2 1
github.com/Dharitri-org/drtg-vm-common/builtInFunctions/dctNFTCreateRoleTransfer.go:77.8,79.17 2 3
github.com/Dharitri-org/drtg-vm-common/builtInFunctions/dctNFTCreateRoleTransfer.go:79.17,81.4 1 1
github.com/Dharitri-org/drtg-vm-common/builtInFunctions/dctNFTCreateRoleTransfer.go:84.2,84.22 1 3
github.com/Dharitri-org/drtg-vm-common/builtInFunctions/dctNFTCreateRoleTransfer.go:90.36,91.33 1 3
github.com/Dharitri-org/drtg-vm-common/builtInFunctions/dctNFTCreateRoleTransfer.go:91.33,93.3 1 1
github.com/Dharitri-org/drtg-vm-common/builtInFunctions/dctNFTCreateRoleTransfer.go:94.2,94.58 1 2
github.com/Dharitri-org/drtg-vm-common/builtInFunctions/dctNFTCreateRoleTransfer.go:94.58,96.3 1 1
github.com/Dharitri-org/drtg-vm-common/builtInFunctions/dctNFTCreateRoleTransfer.go:98.2,100.16 3 1
github.com/Dharitri-org/drtg-vm-common/builtInFunctions/dctNFTCreateRoleTransfer.go:100.16,102.3 1 0
github.com/Dharitri-org/drtg-vm-common/builtInFunctions/dctNFTCreateRoleTransfer.go:104.2,105.16 2 1
github.com/Dharitri-org/drtg-vm-common/builtInFunctions/dctNFTCreateRoleTransfer.go:105.16,107.3 1 0
github.com/Dharitri-org/drtg-vm-common/builtInFunctions/dctNFTCreateRoleTransfer.go:109.2,111.16 3 1
github.com/Dharitri-org/drtg-vm-common/builtInFunctions/dctNFTCreateRoleTransfer.go:111.16,113.3 1 0
github.com/Dharitri-org/drtg-vm-common/builtInFunctions/dctNFTCreateRoleTransfer.go:115.2,116.78 2 1
github.com/Dharitri-org/drtg-vm-common/builtInFunctions/dctNFTCreateRoleTransfer.go:116.78,118.21 2 1
github.com/Dharitri-org/drtg-vm-common/builtInFunctions/dctNFTCreateRoleTransfer.go:118.21,120.4 1 0
github.com/Dharitri-org/drtg-vm-common/builtInFunctions/dctNFTCreateRoleTransfer.go:121.3,122.10 2 1
github.com/Dharitri-org/drtg-vm-common/builtInFunctions/dctNFTCreateRoleTransfer.go:122.10,124.4 1 0
github.com/Dharitri-org/drtg-vm-common/builtInFunctions/dctNFTCreateRoleTransfer.go:126.3,127.17 2 1
github.com/Dharitri-org/drtg-vm-common/builtInFunctions/dctNFTCreateRoleTransfer.go:127.17,129.4 1 0
github.com/Dharitri-org/drtg-vm-common/builtInFunctions/dctNFTCreateRoleTransfer.go:131.3,132.17 2 1
github.com/Dharitri-org/drtg-vm-common/builtInFunctions/dctNFTCreateRoleTransfer.go:132.17,134.4 1 0
github.com/Dharitri-org/drtg-vm-common/builtInFunctions/dctNFTCreateRoleTransfer.go:136.3,137.17 2 1
github.com/Dharitri-org/drtg-vm-common/builtInFunctions/dctNFTCreateRoleTransfer.go:137.17,139.4 1 0
github.com/Dharitri-org/drtg-vm-common/builtInFunctions/dctNFTCreateRoleTransfer.go:142.2,156.20 4 1
github.com/Dharitri-org/drtg-vm-common/builtInFunctions/dctNFTCreateRoleTransfer.go:162.9,164.16 2 1
github.com/Dharitri-org/drtg-vm-common/builtInFunctions/dctNFTCreateRoleTransfer.go:164.16,166.3 1 0
github.com/Dharitri-org/drtg-vm-common/builtInFunctions/dctNFTCreateRoleTransfer.go:168.2,169.75 2 1
github.com/Dharitri-org/drtg-vm-common/builtInFunctions/dctNFTCreateRoleTransfer.go:175.9,177.16 2 3
github.com/Dharitri-org/drtg-vm-common/builtInFunctions/dctNFTCreateRoleTransfer.go:177.16,179.3 1 0
github.com/Dharitri-org/drtg-vm-common/builtInFunctions/dctNFTCreateRoleTransfer.go:181.2,181.35 1 3
github.com/Dharitri-org/drtg-vm-common/builtInFunctions/dctNFTCreateRoleTransfer.go:181.35,182.55 1 1
github.com/Dharitri-org/drtg-vm-common/builtInFunctions/dctNFTCreateRoleTransfer.go:182.55,184.4 1 1
github.com/Dharitri-org/drtg-vm-common/builtInFunctions/dctNFTCreateRoleTransfer.go:187.2,188.75 2 2
github.com/Dharitri-org/drtg-vm-common/builtInFunctions/dctNFTCreateRoleTransfer.go:196.9,198.16 2 11
github.com/Dharitri-org/drtg-vm-common/builtInFunctions/dctNFTCreateRoleTransfer.go:198.16,200.3 1 1
github.com/Dharitri-org/drtg-vm-common/builtInFunctions/dctNFTCreateRoleTransfer.go:201.2,202.16 2 10
github.com/Dharitri-org/drtg-vm-common/builtInFunctions/dctNFTCreateRoleTransfer.go:202.16,204.3 1 1
github.com/Dharitri-org/drtg-vm-common/builtInFunctions/dctNFTCreateRoleTransfer.go:206.2,206.12 1 9
github.com/Dharitri-org/drtg-vm-common/builtInFunctions/dctNFTCreateRoleTransfer.go:212.9,213.33 1 3
github.com/Dharitri-org/drtg-vm-common/builtInFunctions/dctNFTCreateRoleTransfer.go:213.33,215.3 1 1
github.com/Dharitri-org/drtg-vm-common/builtInFunctions/dctNFTCreateRoleTransfer.go:217.2,221.16 4 2
github.com/Dharitri-org/drtg-vm-common/builtInFunctions/dctNFTCreateRoleTransfer.go:221.16,223.3 1 0
github.com/Dharitri-org/drtg-vm-common/builtInFunctions/dctNFTCreateRoleTransfer.go:225.2,227.16 3 2
github.com/Dharitri-org/drtg-vm-common/builtInFunctions/dctNFTCreateRoleTransfer.go:227.16,229.3 1 0
github.com/Dharitri-org/drtg-vm-common/builtInFunctions/dctNFTCreateRoleTransfer.go:231.2,231.12 1 2
github.com/Dharitri-org/drtg-vm-common/builtInFunctions/dctNFTCreateRoleTransfer.go:235.58,237.2 1 1
github.com/Dharitri-org/drtg-vm-common/builtInFunctions/dctNFTTransfer.go:46.28,47.30 1 19
github.com/Dharitri-org/drtg-vm-common/builtInFunctions/dctNFTTransfer.go:47.30,49.3 1 1
github.com/Dharitri-org/drtg-vm-common/builtInFunctions/dctNFTTransfer.go:50.2,50.40 1 18
github.com/Dharitri-org/drtg-vm-common/builtInFunctions/dctNFTTransfer.go:50.40,52.3 1 1
github.com/Dharitri-org/drtg-vm-common/builtInFunctions/dctNFTTransfer.go:53.2,53.27 1 17
github.com/Dharitri-org/drtg-vm-common/builtInFunctions/dctNFTTransfer.go:53.27,55.3 1 1
github.com/Dharitri-org/drtg-vm-common/builtInFunctions/dctNFTTransfer.go:56.2,56.35 1 16
github.com/Dharitri-org/drtg-vm-common/builtInFunctions/dctNFTTransfer.go:56.35,58.3 1 1
github.com/Dharitri-org/drtg-vm-common/builtInFunctions/dctNFTTransfer.go:59.2,59.31 1 15
github.com/Dharitri-org/drtg-vm-common/builtInFunctions/dctNFTTransfer.go:59.31,61.3 1 1
github.com/Dharitri-org/drtg-vm-common/builtInFunctions/dctNFTTransfer.go:62.2,62.32 1 14
github.com/Dharitri-org/drtg-vm-common/builtInFunctions/dctNFTTransfer.go:62.32,64.3 1 1
github.com/Dharitri-org/drtg-vm-common/builtInFunctions/dctNFTTransfer.go:66.2,82.15 3 13
github.com/Dharitri-org/drtg-vm-common/builtInFunctions/dctNFTTransfer.go:86.65,89.2 2 13
github.com/Dharitri-org/drtg-vm-common/builtInFunctions/dctNFTTransfer.go:92.90,93.33 1 11
github.com/Dharitri-org/drtg-vm-common/builtInFunctions/dctNFTTransfer.go:93.33,95.3 1 1
github.com/Dharitri-org/drtg-vm-common/builtInFunctions/dctNFTTransfer.go:97.2,98.12 2 10
github.com/Dharitri-org/drtg-vm-common/builtInFunctions/dctNFTTransfer.go:102.69,103.20 1 2
github.com/Dharitri-org/drtg-vm-common/builtInFunctions/dctNFTTransfer.go:103.20,105.3 1 1
github.com/Dharitri-org/drtg-vm-common/builtInFunctions/dctNFTTransfer.go:107.2,110.25 4 1
github.com/Dharitri-org/drtg-vm-common/builtInFunctions/dctNFTTransfer.go:123.31,128.16 4 14
github.com/Dharitri-org/drtg-vm-common/builtInFunctions/dctNFTTransfer.go:128.16,130.3 1 1
github.com/Dharitri-org/drtg-vm-common/builtInFunctions/dctNFTTransfer.go:131.2,131.32 1 13
github.com/Dharitri-org/drtg-vm-common/builtInFunctions/dctNFTTransfer.go:131.32,133.3 1 1
github.com/Dharitri-org/drtg-vm-common/builtInFunctions/dctNFTTransfer.go:135.2,135.60 1 12
github.com/Dharitri-org/drtg-vm-common/builtInFunctions/dctNFTTransfer.go:135.60,137.3 1 10
github.com/Dharitri-org/drtg-vm-common/builtInFunctions/dctNFTTransfer.go:140.2,140.27 1 2
github.com/Dharitri-org/drtg-vm-common/builtInFunctions/dctNFTTransfer.go:140.27,142.3 1 0
github.com/Dharitri-org/drtg-vm-common/builtInFunctions/dctNFTTransfer.go:143.2,143.26 1 2
github.com/Dharitri-org/drtg-vm-common/builtInFunctions/dctNFTTransfer.go:143.26,145.3 1 0
github.com/Dharitri-org/drtg-vm-common/builtInFunctions/dctNFTTransfer.go:147.2,151.16 5 2
github.com/Dharitri-org/drtg-vm-common/builtInFunctions/dctNFTTransfer.go:151.16,153.3 1 0
github.com/Dharitri-org/drtg-vm-common/builtInFunctions/dctNFTTransfer.go:155.2,156.16 2 2
github.com/Dharitri-org/drtg-vm-common/builtInFunctions/dctNFTTransfer.go:156.16,158.3 1 0
github.com/Dharitri-org/drtg-vm-common/builtInFunctions/dctNFTTransfer.go:161.2,162.123 2 2
github.com/Dharitri-org/drtg-vm-common/builtInFunctions/dctNFTTransfer.go:162.123,164.68 2 1
github.com/Dharitri-org/drtg-vm-common/builtInFunctions/dctNFTTransfer.go:164.68,166.4 1 1
github.com/Dharitri-org/drtg-vm-common/builtInFunctions/dctNFTTransfer.go:168.3,175.13 1 1
github.com/Dharitri-org/drtg-vm-common/builtInFunctions/dctNFTTransfer.go:178.2,182.22 3 2
github.com/Dharitri-org/drtg-vm-common/builtInFunctions/dctNFTTransfer.go:188.31,190.48 2 10
github.com/Dharitri-org/drtg-vm-common/builtInFunctions/dctNFTTransfer.go:190.48,192.3 1 0
github.com/Dharitri-org/drtg-vm-common/builtInFunctions/dctNFTTransfer.go:193.2,193.49 1 10
github.com/Dharitri-org/drtg-vm-common/builtInFunctions/dctNFTTransfer.go:193.49,195.3 1 0
github.com/Dharitri-org/drtg-vm-common/builtInFunctions/dctNFTTransfer.go:196.2,197.29 2 10
github.com/Dharitri-org/drtg-vm-common/builtInFunctions/dctNFTTransfer.go:197.29,199.3 1 1
github.com/Dharitri-org/drtg-vm-common/builtInFunctions/dctNFTTransfer.go:200.2,200.41 1 9
github.com/Dharitri-org/drtg-vm-common/builtInFunctions/dctNFTTransfer.go:200.41,202.3 1 1
github.com/Dharitri-org/drtg-vm-common/builtInFunctions/dctNFTTransfer.go:204.2,207.16 4 8
github.com/Dharitri-org/drtg-vm-common/builtInFunctions/dctNFTTransfer.go:207.16,209.3 1 1
github.com/Dharitri-org/drtg-vm-common/builtInFunctions/dctNFTTransfer.go:210.2,210.16 1 7
github.com/Dharitri-org/drtg-vm-common/builtInFunctions/dctNFTTransfer.go:210.16,212.3 1 0
github.com/Dharitri-org/drtg-vm-common/builtInFunctions/dctNFTTransfer.go:214.2,215.47 2 7
github.com/Dharitri-org/drtg-vm-common/builtInFunctions/dctNFTTransfer.go:215.47,217.3 1 0
github.com/Dharitri-org/drtg-vm-common/builtInFunctions/dctNFTTransfer.go:218.2,221.16 3 7
github.com/Dharitri-org/drtg-vm-common/builtInFunctions/dctNFTTransfer.go:221.16,223.3 1 0
github.com/Dharitri-org/drtg-vm-common/builtInFunctions/dctNFTTransfer.go:225.2,228.77 3 7
github.com/Dharitri-org/drtg-vm-common/builtInFunctions/dctNFTTransfer.go:228.77,230.21 2 5
github.com/Dharitri-org/drtg-vm-common/builtInFunctions/dctNFTTransfer.go:230.21,232.4 1 0
github.com/Dharitri-org/drtg-vm-common/builtInFunctions/dctNFTTransfer.go:234.3,236.10 3 5
github.com/Dharitri-org/drtg-vm-common/builtInFunctions/dctNFTTransfer.go:236.10,238.4 1 0
github.com/Dharitri-org/drtg-vm-common/builtInFunctions/dctNFTTransfer.go:240.3,241.17 2 5
github.com/Dharitri-org/drtg-vm-common/builtInFunctions/dctNFTTransfer.go:241.17,243.4 1 1
github.com/Dharitri-org/drtg-vm-common/builtInFunctions/dctNFTTransfer.go:245.3,246.17 2 4
github.com/Dharitri-org/drtg-vm-common/builtInFunctions/dctNFTTransfer.go:246.17,248.4 1 0
github.com/Dharitri-org/drtg-vm-common/builtInFunctions/dctNFTTransfer.go:251.2,252.16 2 6
github.com/Dharitri-org/drtg-vm-common/builtInFunctions/dctNFTTransfer.go:252.16,254.3 1 1
github.com/Dharitri-org/drtg-vm-common/builtInFunctions/dctNFTTransfer.go:256.2,261.16 3 5
github.com/Dharitri-org/drtg-vm-common/builtInFunctions/dctNFTTransfer.go:261.16,263.3 1 0
github.com/Dharitri-org/drtg-vm-common/builtInFunctions/dctNFTTransfer.go:265.2,268.22 3 5
github.com/Dharitri-org/drtg-vm-common/builtInFunctions/dctNFTTransfer.go:276.9,278.16 2 5
github.com/Dharitri-org/drtg-vm-common/builtInFunctions/dctNFTTransfer.go:278.16,280.3 1 0
github.com/Dharitri-org/drtg-vm-common/builtInFunctions/dctNFTTransfer.go:282.2,283.44 2 5
github.com/Dharitri-org/drtg-vm-common/builtInFunctions/dctNFTTransfer.go:283.44,285.3 1 0
github.com/Dharitri-org/drtg-vm-common/builtInFunctions/dctNFTTransfer.go:286.2,291.65 5 5
github.com/Dharitri-org/drtg-vm-common/builtInFunctions/dctNFTTransfer.go:291.65,293.3 1 2
github.com/Dharitri-org/drtg-vm-common/builtInFunctions/dctNFTTransfer.go:295.2,297.77 2 5
github.com/Dharitri-org/drtg-vm-common/builtInFunctions/dctNFTTransfer.go:297.77,299.20 2 2
github.com/Dharitri-org/drtg-vm-common/builtInFunctions/dctNFTTransfer.go:299.20,302.4 2 1
github.com/Dharitri-org/drtg-vm-common/builtInFunctions/dctNFTTransfer.go:303.3,314.13 2 2
github.com/Dharitri-org/drtg-vm-common/builtInFunctions/dctNFTTransfer.go:317.2,317.19 1 3
github.com/Dharitri-org/drtg-vm-common/builtInFunctions/dctNFTTransfer.go:317.19,319.68 2 1
github.com/Dharitri-org/drtg-vm-common/builtInFunctions/dctNFTTransfer.go:319.68,321.4 1 1
github.com/Dharitri-org/drtg-vm-common/builtInFunctions/dctNFTTransfer.go:323.3,330.13 1 1
github.com/Dharitri-org/drtg-vm-common/builtInFunctions/dctNFTTransfer.go:333.2,333.12 1 3
github.com/Dharitri-org/drtg-vm-common/builtInFunctions/dctNFTTransfer.go:343.9,344.23 1 7
github.com/Dharitri-org/drtg-vm-common/builtInFunctions/dctNFTTransfer.go:344.23,346.26 2 5
github.com/Dharitri-org/drtg-vm-common/builtInFunctions/dctNFTTransfer.go:346.26,348.4 1 0
github.com/Dharitri-org/drtg-vm-common/builtInFunctions/dctNFTTransfer.go:349.3,349.17 1 5
github.com/Dharitri-org/drtg-vm-common/builtInFunctions/dctNFTTransfer.go:349.17,351.4 1 0
github.com/Dharitri-org/drtg-vm-common/builtInFunctions/dctNFTTransfer.go:354.2,355.44 2 7
github.com/Dharitri-org/drtg-vm-common/builtInFunctions/dctNFTTransfer.go:355.44,357.3 1 7
github.com/Dharitri-org/drtg-vm-common/builtInFunctions/dctNFTTransfer.go:359.2,360.60 2 7
github.com/Dharitri-org/drtg-vm-common/builtInFunctions/dctNFTTransfer.go:360.60,362.3 1 0
github.com/Dharitri-org/drtg-vm-common/builtInFunctions/dctNFTTransfer.go:363.2,364.16 2 7
github.com/Dharitri-org/drtg-vm-common/builtInFunctions/dctNFTTransfer.go:364.16,366.3 1 1
github.com/Dharitri-org/drtg-vm-common/builtInFunctions/dctNFTTransfer.go:368.2,368.41 1 6
github.com/Dharitri-org/drtg-vm-common/builtInFunctions/dctNFTTransfer.go:368.41,369.92 1 2
github.com/Dharitri-org/drtg-vm-common/builtInFunctions/dctNFTTransfer.go:369.92,371.4 1 0
github.com/Dharitri-org/drtg-vm-common/builtInFunctions/dctNFTTransfer.go:373.2,376.16 3 6
github.com/Dharitri-org/drtg-vm-common/builtInFunctions/dctNFTTransfer.go:376.16,378.3 1 0
github.com/Dharitri-org/drtg-vm-common/builtInFunctions/dctNFTTransfer.go:380.2,380.12 1 6
github.com/Dharitri-org/drtg-vm-common/builtInFunctions/dctNFTTransfer.go:392.3,394.32 2 7
github.com/Dharitri-org/drtg-vm-common/builtInFunctions/dctNFTTransfer.go:394.32,396.3 1 46
github.com/Dharitri-org/drtg-vm-common/builtInFunctions/dctNFTTransfer.go:397.2,409.3 3 7
github.com/Dharitri-org/drtg-vm-common/builtInFunctions/dctNFTTransfer.go:413.48,415.2 1 20
github.com/Dharitri-org/drtg-vm-common/builtInFunctions/dctRoles.go:25.22,26.30 1 16
github.com/Dharitri-org/drtg-vm-common/builtInFunctions/dctRoles.go:26.30,28.3 1 4
github.com/Dharitri-org/drtg-vm-common/builtInFunctions/dctRoles.go:30.2,35.15 2 12
github.com/Dharitri-org/drtg-vm-common/builtInFunctions/dctRoles.go:39.58,40.2 0 0
github.com/Dharitri-org/drtg-vm-common/builtInFunctions/dctRoles.go:46.31,48.16 2 10
github.com/Dharitri-org/drtg-vm-common/builtInFunctions/dctRoles.go:48.16,50.3 1 1
github.com/Dharitri-org/drtg-vm-common/builtInFunctions/dctRoles.go:51.2,51.57 1 9
github.com/Dharitri-org/drtg-vm-common/builtInFunctions/dctRoles.go:51.57,53.3 1 1
github.com/Dharitri-org/drtg-vm-common/builtInFunctions/dctRoles.go:54.2,54.26 1 8
github.com/Dharitri-org/drtg-vm-common/builtInFunctions/dctRoles.go:54.26,56.3 1 1
github.com/Dharitri-org/drtg-vm-common/builtInFunctions/dctRoles.go:58.2,61.16 3 7
github.com/Dharitri-org/drtg-vm-common/builtInFunctions/dctRoles.go:61.16,63.3 1 0
github.com/Dharitri-org/drtg-vm-common/builtInFunctions/dctRoles.go:65.2,65.11 1 7
github.com/Dharitri-org/drtg-vm-common/builtInFunctions/dctRoles.go:65.11,67.3 1 3
github.com/Dharitri-org/drtg-vm-common/builtInFunctions/dctRoles.go:67.8,69.3 1 4
github.com/Dharitri-org/drtg-vm-common/builtInFunctions/dctRoles.go:71.2,71.44 1 7
github.com/Dharitri-org/drtg-vm-common/builtInFunctions/dctRoles.go:71.44,72.65 1 8
github.com/Dharitri-org/drtg-vm-common/builtInFunctions/dctRoles.go:72.65,73.12 1 7
github.com/Dharitri-org/drtg-vm-common/builtInFunctions/dctRoles.go:76.3,77.17 2 1
github.com/Dharitri-org/drtg-vm-common/builtInFunctions/dctRoles.go:77.17,79.4 1 0
github.com/Dharitri-org/drtg-vm-common/builtInFunctions/dctRoles.go:81.3,81.8 1 1
github.com/Dharitri-org/drtg-vm-common/builtInFunctions/dctRoles.go:84.2,85.16 2 7
github.com/Dharitri-org/drtg-vm-common/builtInFunctions/dctRoles.go:85.16,87.3 1 2
github.com/Dharitri-org/drtg-vm-common/builtInFunctions/dctRoles.go:89.2,90.22 2 5
github.com/Dharitri-org/drtg-vm-common/builtInFunctions/dctRoles.go:96.51,100.2 3 1
github.com/Dharitri-org/drtg-vm-common/builtInFunctions/dctRoles.go:102.61,103.41 1 5
github.com/Dharitri-org/drtg-vm-common/builtInFunctions/dctRoles.go:103.41,105.13 2 5
github.com/Dharitri-org/drtg-vm-common/builtInFunctions/dctRoles.go:105.13,106.12 1 3
github.com/Dharitri-org/drtg-vm-common/builtInFunctions/dctRoles.go:109.3,111.49 3 2
github.com/Dharitri-org/drtg-vm-common/builtInFunctions/dctRoles.go:115.66,116.42 1 11
github.com/Dharitri-org/drtg-vm-common/builtInFunctions/dctRoles.go:116.42,117.37 1 8
github.com/Dharitri-org/drtg-vm-common/builtInFunctions/dctRoles.go:117.37,119.4 1 6
github.com/Dharitri-org/drtg-vm-common/builtInFunctions/dctRoles.go:121.2,121.18 1 5
github.com/Dharitri-org/drtg-vm-common/builtInFunctions/dctRoles.go:128.32,134.43 3 19
github.com/Dharitri-org/drtg-vm-common/builtInFunctions/dctRoles.go:134.43,136.3 1 6
github.com/Dharitri-org/drtg-vm-common/builtInFunctions/dctRoles.go:138.2,139.16 2 13
github.com/Dharitri-org/drtg-vm-common/builtInFunctions/dctRoles.go:139.16,141.3 1 0
github.com/Dharitri-org/drtg-vm-common/builtInFunctions/dctRoles.go:143.2,143.26 1 13
github.com/Dharitri-org/drtg-vm-common/builtInFunctions/dctRoles.go:147.116,148.26 1 5
github.com/Dharitri-org/drtg-vm-common/builtInFunctions/dctRoles.go:148.26,150.3 1 1
github.com/Dharitri-org/drtg-vm-common/builtInFunctions/dctRoles.go:152.2,154.16 3 4
github.com/Dharitri-org/drtg-vm-common/builtInFunctions/dctRoles.go:154.16,156.3 1 0
github.com/Dharitri-org/drtg-vm-common/builtInFunctions/dctRoles.go:157.2,157.11 1 4
github.com/Dharitri-org/drtg-vm-common/builtInFunctions/dctRoles.go:157.11,159.3 1 2
github.com/Dharitri-org/drtg-vm-common/builtInFunctions/dctRoles.go:160.2,161.12 2 2
github.com/Dharitri-org/drtg-vm-common/builtInFunctions/dctRoles.go:161.12,163.3 1 1
github.com/Dharitri-org/drtg-vm-common/builtInFunctions/dctRoles.go:165.2,165.12 1 1
github.com/Dharitri-org/drtg-vm-common/builtInFunctions/dctRoles.go:169.42,171.2 1 0
github.com/Dharitri-org/drtg-vm-common/builtInFunctions/dctTransfer.go:43.25,44.30 1 7
github.com/Dharitri-org/drtg-vm-common/builtInFunctions/dctTransfer.go:44.30,46.3 1 0
github.com/Dharitri-org/drtg-vm-common/builtInFunctions/dctTransfer.go:47.2,47.40 1 7
github.com/Dharitri-org/drtg-vm-common/builtInFunctions/dctTransfer.go:47.40,49.3 1 0
github.com/Dharitri-org/drtg-vm-common/builtInFunctions/dctTransfer.go:50.2,50.35 1 7
github.com/Dharitri-org/drtg-vm-common/builtInFunctions/dctTransfer.go:50.35,52.3 1 0
github.com/Dharitri-org/drtg-vm-common/builtInFunctions/dctTransfer.go:53.2,53.31 1 7
github.com/Dharitri-org/drtg-vm-common/builtInFunctions/dctTransfer.go:53.31,55.3 1 0
github.com/Dharitri-org/drtg-vm-common/builtInFunctions/dctTransfer.go:56.2,56.32 1 7
github.com/Dharitri-org/drtg-vm-common/builtInFunctions/dctTransfer.go:56.32,58.3 1 0
github.com/Dharitri-org/drtg-vm-common/builtInFunctions/dctTransfer.go:60.2,73.15 3 7
github.com/Dharitri-org/drtg-vm-common/builtInFunctions/dctTransfer.go:77.62,80.2 2 7
github.com/Dharitri-org/drtg-vm-common/builtInFunctions/dctTransfer.go:83.66,84.20 1 0
github.com/Dharitri-org/drtg-vm-common/builtInFunctions/dctTransfer.go:84.20,86.3 1 0
github.com/Dharitri-org/drtg-vm-common/builtInFunctions/dctTransfer.go:88.2,90.25 3 0
github.com/Dharitri-org/drtg-vm-common/builtInFunctions/dctTransfer.go:97.31,102.16 4 22
github.com/Dharitri-org/drtg-vm-common/builtInFunctions/dctTransfer.go:102.16,104.3 1 2
github.com/Dharitri-org/drtg-vm-common/builtInFunctions/dctTransfer.go:105.2,106.29 2 20
github.com/Dharitri-org/drtg-vm-common/builtInFunctions/dctTransfer.go:106.29,108.3 1 1
github.com/Dharitri-org/drtg-vm-common/builtInFunctions/dctTransfer.go:110.2,111.26 2 19
github.com/Dharitri-org/drtg-vm-common/builtInFunctions/dctTransfer.go:111.26,113.3 1 0
github.com/Dharitri-org/drtg-vm-common/builtInFunctions/dctTransfer.go:115.2,120.16 5 19
github.com/Dharitri-org/drtg-vm-common/builtInFunctions/dctTransfer.go:120.16,122.3 1 2
github.com/Dharitri-org/drtg-vm-common/builtInFunctions/dctTransfer.go:124.2,124.27 1 17
github.com/Dharitri-org/drtg-vm-common/builtInFunctions/dctTransfer.go:124.27,126.42 1 13
github.com/Dharitri-org/drtg-vm-common/builtInFunctions/dctTransfer.go:126.42,128.4 1 1
github.com/Dharitri-org/drtg-vm-common/builtInFunctions/dctTransfer.go:130.3,131.17 2 12
github.com/Dharitri-org/drtg-vm-common/builtInFunctions/dctTransfer.go:131.17,133.4 1 3
github.com/Dharitri-org/drtg-vm-common/builtInFunctions/dctTransfer.go:136.2,138.27 3 13
github.com/Dharitri-org/drtg-vm-common/builtInFunctions/dctTransfer.go:138.27,139.66 1 11
github.com/Dharitri-org/drtg-vm-common/builtInFunctions/dctTransfer.go:139.66,141.25 2 11
github.com/Dharitri-org/drtg-vm-common/builtInFunctions/dctTransfer.go:141.25,143.5 1 0
github.com/Dharitri-org/drtg-vm-common/builtInFunctions/dctTransfer.go:144.4,144.18 1 11
github.com/Dharitri-org/drtg-vm-common/builtInFunctions/dctTransfer.go:144.18,146.5 1 0
github.com/Dharitri-org/drtg-vm-common/builtInFunctions/dctTransfer.go:149.3,150.17 2 11
github.com/Dharitri-org/drtg-vm-common/builtInFunctions/dctTransfer.go:150.17,152.4 1 1
github.com/Dharitri-org/drtg-vm-common/builtInFunctions/dctTransfer.go:154.3,154.20 1 10
github.com/Dharitri-org/drtg-vm-common/builtInFunctions/dctTransfer.go:154.20,157.66 3 0
github.com/Dharitri-org/drtg-vm-common/builtInFunctions/dctTransfer.go:157.66,159.5 1 0
github.com/Dharitri-org/drtg-vm-common/builtInFunctions/dctTransfer.go:161.4,171.24 3 0
github.com/Dharitri-org/drtg-vm-common/builtInFunctions/dctTransfer.go:174.3,174.74 1 10
github.com/Dharitri-org/drtg-vm-common/builtInFunctions/dctTransfer.go:174.74,177.4 1 1
github.com/Dharitri-org/drtg-vm-common/builtInFunctions/dctTransfer.go:179.3,180.23 2 10
github.com/Dharitri-org/drtg-vm-common/builtInFunctions/dctTransfer.go:184.2,184.57 1 2
github.com/Dharitri-org/drtg-vm-common/builtInFunctions/dctTransfer.go:184.57,193.3 1 0
[...]
github.com/Dharitri-org/drtg-vm-common/builtInFunctions/keyValueStorage.go:120.57,122.3 1 2
github.com/Dharitri-org/drtg-vm-common/builtInFunctions/keyValueStorage.go:123.2,123.55 1 4
github.com/Dharitri-org/drtg-vm-common/builtInFunctions/keyValueStorage.go:123.55,125.3 1 0
github.com/Dharitri-org/drtg-vm-common/builtInFunctions/keyValueStorage.go:127.2,127.12 1 4
github.com/Dharitri-org/drtg-vm-common/builtInFunctions/keyValueStorage.go:131.53,133.2 1 1
github.com/Dharitri-org/drtg-vm-common/builtInFunctions/logsAndEvents.go:9.138,12.26 2 49
github.com/Dharitri-org/drtg-vm-common/builtInFunctions/logsAndEvents.go:12.26,14.3 1 30
github.com/Dharitri-org/drtg-vm-common/builtInFunctions/logsAndEvents.go:16.2,16.46 1 49
github.com/Dharitri-org/drtg-vm-common/builtInFunctions/logsAndEvents.go:19.114,27.19 3 49
github.com/Dharitri-org/drtg-vm-common/builtInFunctions/logsAndEvents.go:27.19,29.3 1 49
github.com/Dharitri-org/drtg-vm-common/builtInFunctions/logsAndEvents.go:31.2,31.19 1 49
github.com/Dharitri-org/drtg-vm-common/builtInFunctions/logsAndEvents.go:31.19,33.3 1 41
github.com/Dharitri-org/drtg-vm-common/builtInFunctions/logsAndEvents.go:35.2,35.17 1 49
github.com/Dharitri-org/drtg-vm-common/builtInFunctions/multiDCTNFTTransfer.go:48.33,49.30 1 24
github.com/Dharitri-org/drtg-vm-common/builtInFunctions/multiDCTNFTTransfer.go:49.30,51.3 1 1
github.com/Dharitri-org/drtg-vm-common/builtInFunctions/multiDCTNFTTransfer.go:52.2,52.40 1 23
github.com/Dharitri-org/drtg-vm-common/builtInFunctions/multiDCTNFTTransfer.go:52.40,54.3 1 1
github.com/Dharitri-org/drtg-vm-common/builtInFunctions/multiDCTNFTTransfer.go:55.2,55.27 1 22
github.com/Dharitri-org/drtg-vm-common/builtInFunctions/multiDCTNFTTransfer.go:55.27,57.3 1 1
github.com/Dharitri-org/drtg-vm-common/builtInFunctions/multiDCTNFTTransfer.go:58.2,58.35 1 21
github.com/Dharitri-org/drtg-vm-common/builtInFunctions/multiDCTNFTTransfer.go:58.35,60.3 1 1
github.com/Dharitri-org/drtg-vm-common/builtInFunctions/multiDCTNFTTransfer.go:61.2,61.32 1 20
github.com/Dharitri-org/drtg-vm-common/builtInFunctions/multiDCTNFTTransfer.go:61.32,63.3 1 1
github.com/Dharitri-org/drtg-vm-common/builtInFunctions/multiDCTNFTTransfer.go:64.2,64.30 1 19
github.com/Dharitri-org/drtg-vm-common/builtInFunctions/multiDCTNFTTransfer.go:64.30,66.3 1 1
github.com/Dharitri-org/drtg-vm-common/builtInFunctions/multiDCTNFTTransfer.go:68.2,90.15 4 18
github.com/Dharitri-org/drtg-vm-common/builtInFunctions/multiDCTNFTTransfer.go:94.74,98.2 3 18
github.com/Dharitri-org/drtg-vm-common/builtInFunctions/multiDCTNFTTransfer.go:101.95,102.33 1 17
github.com/Dharitri-org/drtg-vm-common/builtInFunctions/multiDCTNFTTransfer.go:102.33,104.3 1 1
github.com/Dharitri-org/drtg-vm-common/builtInFunctions/multiDCTNFTTransfer.go:106.2,107.12 2 16
github.com/Dharitri-org/drtg-vm-common/builtInFunctions/multiDCTNFTTransfer.go:111.74,112.20 1 2
github.com/Dharitri-org/drtg-vm-common/builtInFunctions/multiDCTNFTTransfer.go:112.20,114.3 1 1
github.com/Dharitri-org/drtg-vm-common/builtInFunctions/multiDCTNFTTransfer.go:116.2,119.25 4 1
github.com/Dharitri-org/drtg-vm-common/builtInFunctions/multiDCTNFTTransfer.go:135.31,140.16 4 20
github.com/Dharitri-org/drtg-vm-common/builtInFunctions/multiDCTNFTTransfer.go:140.16,142.3 1 2
github.com/Dharitri-org/drtg-vm-common/builtInFunctions/multiDCTNFTTransfer.go:143.2,143.32 1 18
github.com/Dharitri-org/drtg-vm-common/builtInFunctions/multiDCTNFTTransfer.go:143.32,145.3 1 1
github.com/Dharitri-org/drtg-vm-common/builtInFunctions/multiDCTNFTTransfer.go:147.2,147.60 1 17
github.com/Dharitri-org/drtg-vm-common/builtInFunctions/multiDCTNFTTransfer.go:147.60,149.3 1 11
github.com/Dharitri-org/drtg-vm-common/builtInFunctions/multiDCTNFTTransfer.go:152.2,152.27 1 6
github.com/Dharitri-org/drtg-vm-common/builtInFunctions/multiDCTNFTTransfer.go:152.27,154.3 1 0
github.com/Dharitri-org/drtg-vm-common/builtInFunctions/multiDCTNFTTransfer.go:155.2,155.26 1 6
github.com/Dharitri-org/drtg-vm-common/builtInFunctions/multiDCTNFTTransfer.go:155.26,157.3 1 0
github.com/Dharitri-org/drtg-vm-common/builtInFunctions/multiDCTNFTTransfer.go:159.2,160.25 2 6
github.com/Dharitri-org/drtg-vm-common/builtInFunctions/multiDCTNFTTransfer.go:160.25,162.3 1 0
github.com/Dharitri-org/drtg-vm-common/builtInFunctions/multiDCTNFTTransfer.go:163.2,164.56 2 6
github.com/Dharitri-org/drtg-vm-common/builtInFunctions/multiDCTNFTTransfer.go:164.56,166.3 1 0
github.com/Dharitri-org/drtg-vm-common/builtInFunctions/multiDCTNFTTransfer.go:168.2,174.16 6 6
github.com/Dharitri-org/drtg-vm-common/builtInFunctions/multiDCTNFTTransfer.go:174.16,176.3 1 2
github.com/Dharitri-org/drtg-vm-common/builtInFunctions/multiDCTNFTTransfer.go:178.2,178.46 1 4
github.com/Dharitri-org/drtg-vm-common/builtInFunctions/multiDCTNFTTransfer.go:178.46,186.16 6 7
github.com/Dharitri-org/drtg-vm-common/builtInFunctions/multiDCTNFTTransfer.go:186.16,190.18 4 4
github.com/Dharitri-org/drtg-vm-common/builtInFunctions/multiDCTNFTTransfer.go:190.18,192.5 1 0
github.com/Dharitri-org/drtg-vm-common/builtInFunctions/multiDCTNFTTransfer.go:194.4,200.18 2 4
github.com/Dharitri-org/drtg-vm-common/builtInFunctions/multiDCTNFTTransfer.go:200.18,202.5 1 0
github.com/Dharitri-org/drtg-vm-common/builtInFunctions/multiDCTNFTTransfer.go:203.4,203.33 1 4
github.com/Dharitri-org/drtg-vm-common/builtInFunctions/multiDCTNFTTransfer.go:204.9,207.18 3 3
github.com/Dharitri-org/drtg-vm-common/builtInFunctions/multiDCTNFTTransfer.go:207.18,209.5 1 1
github.com/Dharitri-org/drtg-vm-common/builtInFunctions/multiDCTNFTTransfer.go:210.4,210.28 1 2
github.com/Dharitri-org/drtg-vm-common/builtInFunctions/multiDCTNFTTransfer.go:213.3,213.150 1 6
github.com/Dharitri-org/drtg-vm-common/builtInFunctions/multiDCTNFTTransfer.go:217.2,217.111 1 3
github.com/Dharitri-org/drtg-vm-common/builtInFunctions/multiDCTNFTTransfer.go:217.111,219.56 2 1
github.com/Dharitri-org/drtg-vm-common/builtInFunctions/multiDCTNFTTransfer.go:219.56,221.4 1 1
github.com/Dharitri-org/drtg-vm-common/builtInFunctions/multiDCTNFTTransfer.go:223.3,230.13 1 1
github.com/Dharitri-org/drtg-vm-common/builtInFunctions/multiDCTNFTTransfer.go:233.2,233.22 1 3
github.com/Dharitri-org/drtg-vm-common/builtInFunctions/multiDCTNFTTransfer.go:239.31,241.48 2 11
github.com/Dharitri-org/drtg-vm-common/builtInFunctions/multiDCTNFTTransfer.go:241.48,243.3 1 0
github.com/Dharitri-org/drtg-vm-common/builtInFunctions/multiDCTNFTTransfer.go:244.2,244.49 1 11
github.com/Dharitri-org/drtg-vm-common/builtInFunctions/multiDCTNFTTransfer.go:244.49,246.3 1 0
github.com/Dharitri-org/drtg-vm-common/builtInFunctions/multiDCTNFTTransfer.go:247.2,248.29 2 11
github.com/Dharitri-org/drtg-vm-common/builtInFunctions/multiDCTNFTTransfer.go:248.29,250.3 1 1
github.com/Dharitri-org/drtg-vm-common/builtInFunctions/multiDCTNFTTransfer.go:251.2,252.25 2 10
github.com/Dharitri-org/drtg-vm-common/builtInFunctions/multiDCTNFTTransfer.go:252.25,254.3 1 0
github.com/Dharitri-org/drtg-vm-common/builtInFunctions/multiDCTNFTTransfer.go:255.2,256.56 2 10
github.com/Dharitri-org/drtg-vm-common/builtInFunctions/multiDCTNFTTransfer.go:256.56,258.3 1 0
github.com/Dharitri-org/drtg-vm-common/builtInFunctions/multiDCTNFTTransfer.go:260.2,261.45 2 10
github.com/Dharitri-org/drtg-vm-common/builtInFunctions/multiDCTNFTTransfer.go:261.45,263.3 1 1
github.com/Dharitri-org/drtg-vm-common/builtInFunctions/multiDCTNFTTransfer.go:265.2,267.16 3 9
github.com/Dharitri-org/drtg-vm-common/builtInFunctions/multiDCTNFTTransfer.go:267.16,269.3 1 0
github.com/Dharitri-org/drtg-vm-common/builtInFunctions/multiDCTNFTTransfer.go:271.2,271.27 1 9
github.com/Dharitri-org/drtg-vm-common/builtInFunctions/multiDCTNFTTransfer.go:271.27,273.17 2 4
github.com/Dharitri-org/drtg-vm-common/builtInFunctions/multiDCTNFTTransfer.go:273.17,275.4 1 0
github.com/Dharitri-org/drtg-vm-common/builtInFunctions/multiDCTNFTTransfer.go:278.2,287.46 5 9
github.com/Dharitri-org/drtg-vm-common/builtInFunctions/multiDCTNFTTransfer.go:287.46,300.17 6 15
github.com/Dharitri-org/drtg-vm-common/builtInFunctions/multiDCTNFTTransfer.go:300.17,302.4 1 2
github.com/Dharitri-org/drtg-vm-common/builtInFunctions/multiDCTNFTTransfer.go:304.3,304.158 1 13
github.com/Dharitri-org/drtg-vm-common/builtInFunctions/multiDCTNFTTransfer.go:307.2,307.27 1 7
github.com/Dharitri-org/drtg-vm-common/builtInFunctions/multiDCTNFTTransfer.go:307.27,309.17 2 2
github.com/Dharitri-org/drtg-vm-common/builtInFunctions/multiDCTNFTTransfer.go:309.17,311.4 1 0
github.com/Dharitri-org/drtg-vm-common/builtInFunctions/multiDCTNFTTransfer.go:314.2,315.16 2 7
github.com/Dharitri-org/drtg-vm-common/builtInFunctions/multiDCTNFTTransfer.go:315.16,317.3 1 0
github.com/Dharitri-org/drtg-vm-common/builtInFunctions/multiDCTNFTTransfer.go:319.2,319.22 1 7
github.com/Dharitri-org/drtg-vm-common/builtInFunctions/multiDCTNFTTransfer.go:330.25,331.39 1 15
github.com/Dharitri-org/drtg-vm-common/builtInFunctions/multiDCTNFTTransfer.go:331.39,333.3 1 0
github.com/Dharitri-org/drtg-vm-common/builtInFunctions/multiDCTNFTTransfer.go:335.2,337.16 3 15
github.com/Dharitri-org/drtg-vm-common/builtInFunctions/multiDCTNFTTransfer.go:337.16,339.3 1 0
github.com/Dharitri-org/drtg-vm-common/builtInFunctions/multiDCTNFTTransfer.go:341.2,341.47 1 15
github.com/Dharitri-org/drtg-vm-common/builtInFunctions/multiDCTNFTTransfer.go:341.47,343.3 1 0
github.com/Dharitri-org/drtg-vm-common/builtInFunctions/multiDCTNFTTransfer.go:344.2,347.16 3 15
github.com/Dharitri-org/drtg-vm-common/builtInFunctions/multiDCTNFTTransfer.go:347.16,349.3 1 0
github.com/Dharitri-org/drtg-vm-common/builtInFunctions/multiDCTNFTTransfer.go:351.2,354.16 3 15
github.com/Dharitri-org/drtg-vm-common/builtInFunctions/multiDCTNFTTransfer.go:354.16,356.3 1 1
github.com/Dharitri-org/drtg-vm-common/builtInFunctions/multiDCTNFTTransfer.go:358.2,358.27 1 14
github.com/Dharitri-org/drtg-vm-common/builtInFunctions/multiDCTNFTTransfer.go:358.27,359.16 1 5
github.com/Dharitri-org/drtg-vm-common/builtInFunctions/multiDCTNFTTransfer.go:359.16,361.4 1 3
github.com/Dharitri-org/drtg-vm-common/builtInFunctions/multiDCTNFTTransfer.go:361.9,363.4 1 2
github.com/Dharitri-org/drtg-vm-common/builtInFunctions/multiDCTNFTTransfer.go:364.3,364.17 1 5
github.com/Dharitri-org/drtg-vm-common/builtInFunctions/multiDCTNFTTransfer.go:364.17,366.4 1 1
github.com/Dharitri-org/drtg-vm-common/builtInFunctions/multiDCTNFTTransfer.go:369.2,369.21 1 13
github.com/Dharitri-org/drtg-vm-common/builtInFunctions/multiDCTNFTTransfer.go:372.78,374.15 2 2
github.com/Dharitri-org/drtg-vm-common/builtInFunctions/multiDCTNFTTransfer.go:374.15,376.3 1 1
github.com/Dharitri-org/drtg-vm-common/builtInFunctions/multiDCTNFTTransfer.go:378.2,378.12 1 2
github.com/Dharitri-org/drtg-vm-common/builtInFunctions/multiDCTNFTTransfer.go:381.108,382.77 1 9
github.com/Dharitri-org/drtg-vm-common/builtInFunctions/multiDCTNFTTransfer.go:382.77,384.3 1 5
github.com/Dharitri-org/drtg-vm-common/builtInFunctions/multiDCTNFTTransfer.go:386.2,387.20 2 4
github.com/Dharitri-org/drtg-vm-common/builtInFunctions/multiDCTNFTTransfer.go:387.20,389.3 1 0
github.com/Dharitri-org/drtg-vm-common/builtInFunctions/multiDCTNFTTransfer.go:390.2,391.9 2 4
github.com/Dharitri-org/drtg-vm-common/builtInFunctions/multiDCTNFTTransfer.go:391.9,393.3 1 0
github.com/Dharitri-org/drtg-vm-common/builtInFunctions/multiDCTNFTTransfer.go:395.2,395.25 1 4
github.com/Dharitri-org/drtg-vm-common/builtInFunctions/multiDCTNFTTransfer.go:404.9,409.54 4 7
github.com/Dharitri-org/drtg-vm-common/builtInFunctions/multiDCTNFTTransfer.go:409.54,411.43 2 13
github.com/Dharitri-org/drtg-vm-common/builtInFunctions/multiDCTNFTTransfer.go:411.43,413.18 2 7
github.com/Dharitri-org/drtg-vm-common/builtInFunctions/multiDCTNFTTransfer.go:413.18,415.5 1 0
github.com/Dharitri-org/drtg-vm-common/builtInFunctions/multiDCTNFTTransfer.go:417.4,418.46 2 7
github.com/Dharitri-org/drtg-vm-common/builtInFunctions/multiDCTNFTTransfer.go:418.46,420.5 1 0
github.com/Dharitri-org/drtg-vm-common/builtInFunctions/multiDCTNFTTransfer.go:421.4,424.79 3 7
github.com/Dharitri-org/drtg-vm-common/builtInFunctions/multiDCTNFTTransfer.go:425.9,428.4 2 6
github.com/Dharitri-org/drtg-vm-common/builtInFunctions/multiDCTNFTTransfer.go:431.2,432.56 2 7
github.com/Dharitri-org/drtg-vm-common/builtInFunctions/multiDCTNFTTransfer.go:432.56,434.3 1 3
github.com/Dharitri-org/drtg-vm-common/builtInFunctions/multiDCTNFTTransfer.go:436.2,438.77 2 7
github.com/Dharitri-org/drtg-vm-common/builtInFunctions/multiDCTNFTTransfer.go:438.77,440.20 2 5
github.com/Dharitri-org/drtg-vm-common/builtInFunctions/multiDCTNFTTransfer.go:440.20,443.4 2 2
github.com/Dharitri-org/drtg-vm-common/builtInFunctions/multiDCTNFTTransfer.go:444.3,455.13 2 5
github.com/Dharitri-org/drtg-vm-common/builtInFunctions/multiDCTNFTTransfer.go:458.2,458.19 1 2
github.com/Dharitri-org/drtg-vm-common/builtInFunctions/multiDCTNFTTransfer.go:458.19,460.59 2 1
github.com/Dharitri-org/drtg-vm-common/builtInFunctions/multiDCTNFTTransfer.go:460.59,462.4 1 1
github.com/Dharitri-org/drtg-vm-common/builtInFunctions/multiDCTNFTTransfer.go:464.3,471.13 1 1
github.com/Dharitri-org/drtg-vm-common/builtInFunctions/multiDCTNFTTransfer.go:474.2,474.12 1 2
github.com/Dharitri-org/drtg-vm-common/builtInFunctions/multiDCTNFTTransfer.go:480.9,481.24 1 10
github.com/Dharitri-org/drtg-vm-common/builtInFunctions/multiDCTNFTTransfer.go:481.24,483.3 1 3
github.com/Dharitri-org/drtg-vm-common/builtInFunctions/multiDCTNFTTransfer.go:485.2,486.25 2 7
github.com/Dharitri-org/drtg-vm-common/builtInFunctions/multiDCTNFTTransfer.go:486.25,488.3 1 0
github.com/Dharitri-org/drtg-vm-common/builtInFunctions/multiDCTNFTTransfer.go:489.2,489.16 1 7
github.com/Dharitri-org/drtg-vm-common/builtInFunctions/multiDCTNFTTransfer.go:489.16,491.3 1 2
github.com/Dharitri-org/drtg-vm-common/builtInFunctions/multiDCTNFTTransfer.go:493.2,493.12 1 5
github.com/Dharitri-org/drtg-vm-common/builtInFunctions/multiDCTNFTTransfer.go:502.9,504.44 2 7
github.com/Dharitri-org/drtg-vm-common/builtInFunctions/multiDCTNFTTransfer.go:504.44,506.3 1 7
github.com/Dharitri-org/drtg-vm-common/builtInFunctions/multiDCTNFTTransfer.go:508.2,509.60 2 7
github.com/Dharitri-org/drtg-vm-common/builtInFunctions/multiDCTNFTTransfer.go:509.60,511.3 1 0
github.com/Dharitri-org/drtg-vm-common/builtInFunctions/multiDCTNFTTransfer.go:512.2,513.16 2 7
github.com/Dharitri-org/drtg-vm-common/builtInFunctions/multiDCTNFTTransfer.go:513.16,515.3 1 1
github.com/Dharitri-org/drtg-vm-common/builtInFunctions/multiDCTNFTTransfer.go:517.2,517.41 1 6
github.com/Dharitri-org/drtg-vm-common/builtInFunctions/multiDCTNFTTransfer.go:517.41,518.92 1 3
github.com/Dharitri-org/drtg-vm-common/builtInFunctions/multiDCTNFTTransfer.go:518.92,520.4 1 0
github.com/Dharitri-org/drtg-vm-common/builtInFunctions/multiDCTNFTTransfer.go:521.3,521.77 1 3
github.com/Dharitri-org/drtg-vm-common/builtInFunctions/multiDCTNFTTransfer.go:524.2,525.16 2 6
github.com/Dharitri-org/drtg-vm-common/builtInFunctions/multiDCTNFTTransfer.go:525.16,527.3 1 0
github.com/Dharitri-org/drtg-vm-common/builtInFunctions/multiDCTNFTTransfer.go:529.2,529.12 1 6
github.com/Dharitri-org/drtg-vm-common/builtInFunctions/multiDCTNFTTransfer.go:533.53,535.2 1 25
github.com/Dharitri-org/drtg-vm-common/builtInFunctions/saveUserName.go:27.26,28.28 1 0
github.com/Dharitri-org/drtg-vm-common/builtInFunctions/saveUserName.go:28.28,30.3 1 0
github.com/Dharitri-org/drtg-vm-common/builtInFunctions/saveUserName.go:32.2,37.35 3 0
github.com/Dharitri-org/drtg-vm-common/builtInFunctions/saveUserName.go:37.35,39.3 1 0
github.com/Dharitri-org/drtg-vm-common/builtInFunctions/saveUserName.go:41.2,41.15 1 0
github.com/Dharitri-org/drtg-vm-common/builtInFunctions/saveUserName.go:45.67,46.20 1 0
github.com/Dharitri-org/drtg-vm-common/builtInFunctions/saveUserName.go:46.20,48.3 1 0
github.com/Dharitri-org/drtg-vm-common/builtInFunctions/saveUserName.go:50.2,52.25 3 0
github.com/Dharitri-org/drtg-vm-common/builtInFunctions/saveUserName.go:59.31,63.20 3 5
github.com/Dharitri-org/drtg-vm-common/builtInFunctions/saveUserName.go:63.20,65.3 1 1
github.com/Dharitri-org/drtg-vm-common/builtInFunctions/saveUserName.go:66.2,66.38 1 4
github.com/Dharitri-org/drtg-vm-common/builtInFunctions/saveUserName.go:66.38,68.3 1 0
github.com/Dharitri-org/drtg-vm-common/builtInFunctions/saveUserName.go:69.2,69.37 1 4
github.com/Dharitri-org/drtg-vm-common/builtInFunctions/saveUserName.go:69.37,71.3 1 0
github.com/Dharitri-org/drtg-vm-common/builtInFunctions/saveUserName.go:72.2,73.9 2 4
github.com/Dharitri-org/drtg-vm-common/builtInFunctions/saveUserName.go:73.9,75.3 1 0
github.com/Dharitri-org/drtg-vm-common/builtInFunctions/saveUserName.go:76.2,76.33 1 4
github.com/Dharitri-org/drtg-vm-common/builtInFunctions/saveUserName.go:76.33,78.3 1 1
github.com/Dharitri-org/drtg-vm-common/builtInFunctions/saveUserName.go:80.2,80.26 1 3
github.com/Dharitri-org/drtg-vm-common/builtInFunctions/saveUserName.go:80.26,98.3 6 1
github.com/Dharitri-org/drtg-vm-common/builtInFunctions/saveUserName.go:100.2,101.49 2 2
github.com/Dharitri-org/drtg-vm-common/builtInFunctions/saveUserName.go:101.49,103.3 1 1
github.com/Dharitri-org/drtg-vm-common/builtInFunctions/saveUserName.go:105.2,107.104 2 1
github.com/Dharitri-org/drtg-vm-common/builtInFunctions/saveUserName.go:111.46,113.2 1 0
github.com/Dharitri-org/drtg-vm-common/builtInFunctions/updateNFTAttributes.go:33.26,34.30 1 14
github.com/Dharitri-org/drtg-vm-common/builtInFunctions/updateNFTAttributes.go:34.30,36.3 1 1
github.com/Dharitri-org/drtg-vm-common/builtInFunctions/updateNFTAttributes.go:37.2,37.40 1 13
github.com/Dharitri-org/drtg-vm-common/builtInFunctions/updateNFTAttributes.go:37.40,39.3 1 1
github.com/Dharitri-org/drtg-vm-common/builtInFunctions/updateNFTAttributes.go:40.2,40.31 1 12
github.com/Dharitri-org/drtg-vm-common/builtInFunctions/updateNFTAttributes.go:40.31,42.3 1 1
github.com/Dharitri-org/drtg-vm-common/builtInFunctions/updateNFTAttributes.go:43.2,43.32 1 11
github.com/Dharitri-org/drtg-vm-common/builtInFunctions/updateNFTAttributes.go:43.32,45.3 1 1
github.com/Dharitri-org/drtg-vm-common/builtInFunctions/updateNFTAttributes.go:47.2,65.15 4 10
github.com/Dharitri-org/drtg-vm-common/builtInFunctions/updateNFTAttributes.go:69.67,70.20 1 2
github.com/Dharitri-org/drtg-vm-common/builtInFunctions/updateNFTAttributes.go:70.20,72.3 1 1
github.com/Dharitri-org/drtg-vm-common/builtInFunctions/updateNFTAttributes.go:74.2,77.25 4 1
github.com/Dharitri-org/drtg-vm-common/builtInFunctions/updateNFTAttributes.go:88.31,93.16 4 13
github.com/Dharitri-org/drtg-vm-common/builtInFunctions/updateNFTAttributes.go:93.16,95.3 1 7
github.com/Dharitri-org/drtg-vm-common/builtInFunctions/updateNFTAttributes.go:96.2,96.33 1 6
github.com/Dharitri-org/drtg-vm-common/builtInFunctions/updateNFTAttributes.go:96.33,98.3 1 1
github.com/Dharitri-org/drtg-vm-common/builtInFunctions/updateNFTAttributes.go:100.2,101.16 2 5
github.com/Dharitri-org/drtg-vm-common/builtInFunctions/updateNFTAttributes.go:101.16,103.3 1 1
github.com/Dharitri-org/drtg-vm-common/builtInFunctions/updateNFTAttributes.go:105.2,106.57 2 4
github.com/Dharitri-org/drtg-vm-common/builtInFunctions/updateNFTAttributes.go:106.57,108.3 1 0
github.com/Dharitri-org/drtg-vm-common/builtInFunctions/updateNFTAttributes.go:110.2,112.16 3 4
github.com/Dharitri-org/drtg-vm-common/builtInFunctions/updateNFTAttributes.go:112.16,114.3 1 1
github.com/Dharitri-org/drtg-vm-common/builtInFunctions/updateNFTAttributes.go:115.2,116.16 2 3
github.com/Dharitri-org/drtg-vm-common/builtInFunctions/updateNFTAttributes.go:116.16,118.3 1 1
github.com/Dharitri-org/drtg-vm-common/builtInFunctions/updateNFTAttributes.go:120.2,123.16 3 2
github.com/Dharitri-org/drtg-vm-common/builtInFunctions/updateNFTAttributes.go:123.16,125.3 1 1
github.com/Dharitri-org/drtg-vm-common/builtInFunctions/updateNFTAttributes.go:127.2,134.22 3 1
github.com/Dharitri-org/drtg-vm-common/builtInFunctions/updateNFTAttributes.go:138.46,140.2 1 15
